14/03/2023 09:53:38 Ingresando  ProcesaVNMCAE 
14/03/2023 09:53:38 ok  ProcesaVNMCAE 
14/03/2023 09:53:38 Ingresando  ProcesarAgrupadosT 
14/03/2023 09:53:38 ok  ProcesarAgrupadosT 
14/03/2023 09:53:38 Ingresando  ProcesaMayorBancos 
14/03/2023 09:53:38 ok  ProcesaMayorBancos 
14/03/2023 09:53:38 Ingresando  ProcesaMayorUpeu 
14/03/2023 09:53:38 ok  ProcesaMayorUpeu 
14/03/2023 09:53:38 Ingresando  RecorreMayoruUpeuT 
14/03/2023 09:53:38 ok  RecorreMayoruUpeuT 
14/03/2023 09:53:38 Fin recorrido listaPendUpeuVisanet
14/03/2023 10:33:21  CargaExcel ok 
14/03/2023 10:33:21 Ingresando leer excel 
14/03/2023 10:33:21  ExceltoListNewv ok 
14/03/2023 10:33:21  ProcesoUnion ok 
14/03/2023 10:33:23 Ingresando  ProcesaVNMCAE 
14/03/2023 10:33:23 ok  ProcesaVNMCAE 
14/03/2023 10:33:23 Ingresando  ProcesarAgrupadosT 
14/03/2023 10:33:23 ok  ProcesarAgrupadosT 
14/03/2023 10:33:23 Ingresando  ProcesaMayorBancos 
14/03/2023 10:33:23 ok  ProcesaMayorBancos 
14/03/2023 10:33:23 Ingresando  ProcesaMayorUpeu 
14/03/2023 10:33:23 ok  ProcesaMayorUpeu 
14/03/2023 10:33:23 Ingresando  RecorreMayoruUpeuT 
14/03/2023 10:33:23 ok  RecorreMayoruUpeuT 
14/03/2023 10:33:23 Fin recorrido listaPendUpeuVisanet
14/03/2023 10:33:23 Ingresando dibujar excel 
14/03/2023 10:34:38  CargaExcel ok 
14/03/2023 10:34:38 Ingresando leer excel 
14/03/2023 10:34:38  ExceltoListNewv ok 
14/03/2023 10:34:38  ProcesoUnion ok 
14/03/2023 10:34:40 Ingresando  ProcesaVNMCAE 
14/03/2023 10:34:40 ok  ProcesaVNMCAE 
14/03/2023 10:34:40 Ingresando  ProcesarAgrupadosT 
14/03/2023 10:34:40 ok  ProcesarAgrupadosT 
14/03/2023 10:34:40 Ingresando  ProcesaMayorBancos 
14/03/2023 10:34:40 ok  ProcesaMayorBancos 
14/03/2023 10:34:40 Ingresando  ProcesaMayorUpeu 
14/03/2023 10:34:40 ok  ProcesaMayorUpeu 
14/03/2023 10:34:40 Ingresando  RecorreMayoruUpeuT 
14/03/2023 10:34:40 ok  RecorreMayoruUpeuT 
14/03/2023 10:34:40 Fin recorrido listaPendUpeuVisanet
14/03/2023 10:34:40 Ingresando dibujar excel 
14/03/2023 10:48:04  CargaExcel ok 
14/03/2023 10:48:04 Ingresando leer excel 
14/03/2023 10:48:05  ExceltoListNewv ok 
14/03/2023 10:48:05  ProcesoUnion ok 
14/03/2023 10:48:07 Ingresando  ProcesaVNMCAE 
14/03/2023 10:48:07 ok  ProcesaVNMCAE 
14/03/2023 10:48:07 Ingresando  ProcesarAgrupadosT 
14/03/2023 10:48:07 ok  ProcesarAgrupadosT 
14/03/2023 10:48:07 Ingresando  ProcesaMayorBancos 
14/03/2023 10:48:08 ok  ProcesaMayorBancos 
14/03/2023 10:48:08 Ingresando  ProcesaMayorUpeu 
14/03/2023 10:48:08 ok  ProcesaMayorUpeu 
14/03/2023 10:48:08 Ingresando  RecorreMayoruUpeuT 
14/03/2023 10:48:08 ok  RecorreMayoruUpeuT 
14/03/2023 10:48:08 Fin recorrido listaPendUpeuVisanet
14/03/2023 10:48:08 Ingresando dibujar excel 
14/03/2023 10:48:20  CargaExcel ok 
14/03/2023 10:48:20 Ingresando leer excel 
14/03/2023 10:48:20  ExceltoListNewv ok 
14/03/2023 10:48:20  ProcesoUnion ok 
14/03/2023 10:48:22 Ingresando  ProcesaVNMCAE 
14/03/2023 10:48:22 ok  ProcesaVNMCAE 
14/03/2023 10:48:22 Ingresando  ProcesarAgrupadosT 
14/03/2023 10:48:22 ok  ProcesarAgrupadosT 
14/03/2023 10:48:22 Ingresando  ProcesaMayorBancos 
14/03/2023 10:48:22 ok  ProcesaMayorBancos 
14/03/2023 10:48:22 Ingresando  ProcesaMayorUpeu 
14/03/2023 10:48:22 ok  ProcesaMayorUpeu 
14/03/2023 10:48:22 Ingresando  RecorreMayoruUpeuT 
14/03/2023 10:48:22 ok  RecorreMayoruUpeuT 
14/03/2023 10:48:22 Fin recorrido listaPendUpeuVisanet
14/03/2023 10:48:22 Ingresando dibujar excel 
14/03/2023 10:49:14  CargaExcel ok 
14/03/2023 10:49:14 Ingresando leer excel 
14/03/2023 10:49:14  ExceltoListNewv ok 
14/03/2023 10:49:14  ProcesoUnion ok 
14/03/2023 10:49:18 Ingresando  ProcesaVNMCAE 
14/03/2023 10:49:18 ok  ProcesaVNMCAE 
14/03/2023 10:49:18 Ingresando  ProcesarAgrupadosT 
14/03/2023 10:49:18 ok  ProcesarAgrupadosT 
14/03/2023 10:49:18 Ingresando  ProcesaMayorBancos 
14/03/2023 10:49:18 ok  ProcesaMayorBancos 
14/03/2023 10:49:18 Ingresando  ProcesaMayorUpeu 
14/03/2023 10:49:18 ok  ProcesaMayorUpeu 
14/03/2023 10:49:18 Ingresando  RecorreMayoruUpeuT 
14/03/2023 10:49:18 ok  RecorreMayoruUpeuT 
14/03/2023 10:49:18 Fin recorrido listaPendUpeuVisanet
14/03/2023 10:49:18 Ingresando dibujar excel 
14/03/2023 10:58:09  CargaExcel ok 
14/03/2023 10:58:09 Ingresando leer excel 
14/03/2023 10:58:09  ExceltoListNewv ok 
14/03/2023 10:58:09  ProcesoUnion ok 
14/03/2023 10:58:13 Ingresando  ProcesaVNMCAE 
14/03/2023 10:58:13 ok  ProcesaVNMCAE 
14/03/2023 10:58:13 Ingresando  ProcesarAgrupadosT 
14/03/2023 10:58:13 ok  ProcesarAgrupadosT 
14/03/2023 10:58:13 Ingresando  ProcesaMayorBancos 
14/03/2023 10:58:13 ok  ProcesaMayorBancos 
14/03/2023 10:58:13 Ingresando  ProcesaMayorUpeu 
14/03/2023 10:58:13 ok  ProcesaMayorUpeu 
14/03/2023 10:58:13 Ingresando  RecorreMayoruUpeuT 
14/03/2023 10:58:13 ok  RecorreMayoruUpeuT 
14/03/2023 10:58:13 Fin recorrido listaPendUpeuVisanet
14/03/2023 10:58:13 Ingresando  ProcesaVNMCAE 
14/03/2023 10:58:13 ok  ProcesaVNMCAE 
14/03/2023 10:58:13 Ingresando  ProcesarAgrupadosT 
14/03/2023 10:58:13 ok  ProcesarAgrupadosT 
14/03/2023 10:58:13 Ingresando  ProcesaMayorBancos 
14/03/2023 10:58:13 ok  ProcesaMayorBancos 
14/03/2023 10:58:13 Ingresando  ProcesaMayorUpeu 
14/03/2023 10:58:13 ok  ProcesaMayorUpeu 
14/03/2023 10:58:13 Ingresando  RecorreMayoruUpeuT 
14/03/2023 10:58:13 ok  RecorreMayoruUpeuT 
14/03/2023 10:58:13 Fin recorrido listaPendUpeuVisanet
14/03/2023 10:58:13 Ingresando  ProcesaVNMCAE 
14/03/2023 10:58:13 ok  ProcesaVNMCAE 
14/03/2023 10:58:13 Ingresando  ProcesarAgrupadosT 
14/03/2023 10:58:13 ok  ProcesarAgrupadosT 
14/03/2023 10:58:13 Ingresando  ProcesaMayorBancos 
14/03/2023 10:58:13 ok  ProcesaMayorBancos 
14/03/2023 10:58:13 Ingresando  ProcesaMayorUpeu 
14/03/2023 10:58:13 ok  ProcesaMayorUpeu 
14/03/2023 10:58:13 Ingresando  RecorreMayoruUpeuT 
14/03/2023 10:58:13 ok  RecorreMayoruUpeuT 
14/03/2023 10:58:13 Fin recorrido listaPendUpeuVisanet
14/03/2023 10:58:13 Ingresando  ProcesaVNMCAE 
14/03/2023 10:58:13 ok  ProcesaVNMCAE 
14/03/2023 10:58:13 Ingresando  ProcesarAgrupadosT 
14/03/2023 10:58:13 ok  ProcesarAgrupadosT 
14/03/2023 10:58:13 Ingresando  ProcesaMayorBancos 
14/03/2023 10:58:13 ok  ProcesaMayorBancos 
14/03/2023 10:58:13 Ingresando  ProcesaMayorUpeu 
14/03/2023 10:58:14 ok  ProcesaMayorUpeu 
14/03/2023 10:58:14 Ingresando  RecorreMayoruUpeuT 
14/03/2023 10:58:14 ok  RecorreMayoruUpeuT 
14/03/2023 10:58:14 Fin recorrido listaPendUpeuVisanet
14/03/2023 10:58:14 Ingresando  ProcesaVNMCAE 
14/03/2023 10:58:14 ok  ProcesaVNMCAE 
14/03/2023 10:58:14 Ingresando  ProcesarAgrupadosT 
14/03/2023 10:58:14 ok  ProcesarAgrupadosT 
14/03/2023 10:58:14 Ingresando  ProcesaMayorBancos 
14/03/2023 10:58:14 ok  ProcesaMayorBancos 
14/03/2023 10:58:14 Ingresando  ProcesaMayorUpeu 
14/03/2023 10:58:14 ok  ProcesaMayorUpeu 
14/03/2023 10:58:14 Ingresando  RecorreMayoruUpeuT 
14/03/2023 10:58:14 ok  RecorreMayoruUpeuT 
14/03/2023 10:58:14 Fin recorrido listaPendUpeuVisanet
14/03/2023 10:58:14 Ingresando  ProcesaVNMCAE 
14/03/2023 10:58:14 ok  ProcesaVNMCAE 
14/03/2023 10:58:14 Ingresando  ProcesarAgrupadosT 
14/03/2023 10:58:14 ok  ProcesarAgrupadosT 
14/03/2023 10:58:14 Ingresando  ProcesaMayorBancos 
14/03/2023 10:58:14 ok  ProcesaMayorBancos 
14/03/2023 10:58:14 Ingresando  ProcesaMayorUpeu 
14/03/2023 10:58:14 ok  ProcesaMayorUpeu 
14/03/2023 10:58:14 Ingresando  RecorreMayoruUpeuT 
14/03/2023 10:58:14 ok  RecorreMayoruUpeuT 
14/03/2023 10:58:14 Fin recorrido listaPendUpeuVisanet
14/03/2023 10:58:14 Ingresando  ProcesaVNMCAE 
14/03/2023 10:58:14 ok  ProcesaVNMCAE 
14/03/2023 10:58:14 Ingresando  ProcesarAgrupadosT 
14/03/2023 10:58:14 ok  ProcesarAgrupadosT 
14/03/2023 10:58:14 Ingresando  ProcesaMayorBancos 
14/03/2023 10:58:14 ok  ProcesaMayorBancos 
14/03/2023 10:58:14 Ingresando  ProcesaMayorUpeu 
14/03/2023 10:58:14 ok  ProcesaMayorUpeu 
14/03/2023 10:58:14 Ingresando  RecorreMayoruUpeuT 
14/03/2023 10:58:14 ok  RecorreMayoruUpeuT 
14/03/2023 10:58:14 Fin recorrido listaPendUpeuVisanet
14/03/2023 10:58:14 Ingresando  ProcesaVNMCAE 
14/03/2023 10:58:14 ok  ProcesaVNMCAE 
14/03/2023 10:58:14 Ingresando  ProcesarAgrupadosT 
14/03/2023 10:58:14 ok  ProcesarAgrupadosT 
14/03/2023 10:58:14 Ingresando  ProcesaMayorBancos 
14/03/2023 10:58:14 ok  ProcesaMayorBancos 
14/03/2023 10:58:14 Ingresando  ProcesaMayorUpeu 
14/03/2023 10:58:14 ok  ProcesaMayorUpeu 
14/03/2023 10:58:14 Ingresando  RecorreMayoruUpeuT 
14/03/2023 10:58:14 ok  RecorreMayoruUpeuT 
14/03/2023 10:58:14 Fin recorrido listaPendUpeuVisanet
14/03/2023 10:58:14 Ingresando  ProcesaVNMCAE 
14/03/2023 10:58:14 ok  ProcesaVNMCAE 
14/03/2023 10:58:14 Ingresando  ProcesarAgrupadosT 
14/03/2023 10:58:14 ok  ProcesarAgrupadosT 
14/03/2023 10:58:14 Ingresando  ProcesaMayorBancos 
14/03/2023 10:58:14 ok  ProcesaMayorBancos 
14/03/2023 10:58:14 Ingresando  ProcesaMayorUpeu 
14/03/2023 10:58:14 ok  ProcesaMayorUpeu 
14/03/2023 10:58:14 Ingresando  RecorreMayoruUpeuT 
14/03/2023 10:58:14 ok  RecorreMayoruUpeuT 
14/03/2023 10:58:14 Fin recorrido listaPendUpeuVisanet
14/03/2023 10:58:14 Ingresando  ProcesaVNMCAE 
14/03/2023 10:58:14 ok  ProcesaVNMCAE 
14/03/2023 10:58:14 Ingresando  ProcesarAgrupadosT 
14/03/2023 10:58:14 ok  ProcesarAgrupadosT 
14/03/2023 10:58:14 Ingresando  ProcesaMayorBancos 
14/03/2023 10:58:15 ok  ProcesaMayorBancos 
14/03/2023 10:58:15 Ingresando  ProcesaMayorUpeu 
14/03/2023 10:58:15 ok  ProcesaMayorUpeu 
14/03/2023 10:58:15 Ingresando  RecorreMayoruUpeuT 
14/03/2023 10:58:15 ok  RecorreMayoruUpeuT 
14/03/2023 10:58:15 Fin recorrido listaPendUpeuVisanet
14/03/2023 10:58:15 Ingresando  ProcesaVNMCAE 
14/03/2023 10:58:15 ok  ProcesaVNMCAE 
14/03/2023 10:58:15 Ingresando  ProcesarAgrupadosT 
14/03/2023 10:58:15 ok  ProcesarAgrupadosT 
14/03/2023 10:58:15 Ingresando  ProcesaMayorBancos 
14/03/2023 10:58:15 ok  ProcesaMayorBancos 
14/03/2023 10:58:15 Ingresando  ProcesaMayorUpeu 
14/03/2023 10:58:15 ok  ProcesaMayorUpeu 
14/03/2023 10:58:15 Ingresando  RecorreMayoruUpeuT 
14/03/2023 10:58:15 ok  RecorreMayoruUpeuT 
14/03/2023 10:58:15 Fin recorrido listaPendUpeuVisanet
14/03/2023 10:58:15 Ingresando  ProcesaVNMCAE 
14/03/2023 10:58:15 ok  ProcesaVNMCAE 
14/03/2023 10:58:15 Ingresando  ProcesarAgrupadosT 
14/03/2023 10:58:15 ok  ProcesarAgrupadosT 
14/03/2023 10:58:15 Ingresando  ProcesaMayorBancos 
14/03/2023 10:58:15 ok  ProcesaMayorBancos 
14/03/2023 10:58:15 Ingresando  ProcesaMayorUpeu 
14/03/2023 10:58:15 ok  ProcesaMayorUpeu 
14/03/2023 10:58:15 Ingresando  RecorreMayoruUpeuT 
14/03/2023 10:58:15 ok  RecorreMayoruUpeuT 
14/03/2023 10:58:15 Fin recorrido listaPendUpeuVisanet
14/03/2023 10:58:15 Ingresando  ProcesaVNMCAE 
14/03/2023 10:58:15 ok  ProcesaVNMCAE 
14/03/2023 10:58:15 Ingresando  ProcesarAgrupadosT 
14/03/2023 10:58:15 ok  ProcesarAgrupadosT 
14/03/2023 10:58:15 Ingresando  ProcesaMayorBancos 
14/03/2023 10:58:15 ok  ProcesaMayorBancos 
14/03/2023 10:58:15 Ingresando  ProcesaMayorUpeu 
14/03/2023 10:58:15 ok  ProcesaMayorUpeu 
14/03/2023 10:58:15 Ingresando  RecorreMayoruUpeuT 
14/03/2023 10:58:15 ok  RecorreMayoruUpeuT 
14/03/2023 10:58:15 Fin recorrido listaPendUpeuVisanet
14/03/2023 10:58:15 Ingresando  ProcesaVNMCAE 
14/03/2023 10:58:15 ok  ProcesaVNMCAE 
14/03/2023 10:58:15 Ingresando  ProcesarAgrupadosT 
14/03/2023 10:58:15 ok  ProcesarAgrupadosT 
14/03/2023 10:58:15 Ingresando  ProcesaMayorBancos 
14/03/2023 10:58:15 ok  ProcesaMayorBancos 
14/03/2023 10:58:15 Ingresando  ProcesaMayorUpeu 
14/03/2023 10:58:15 ok  ProcesaMayorUpeu 
14/03/2023 10:58:15 Ingresando  RecorreMayoruUpeuT 
14/03/2023 10:58:15 ok  RecorreMayoruUpeuT 
14/03/2023 10:58:15 Fin recorrido listaPendUpeuVisanet
14/03/2023 10:58:15 Ingresando  ProcesaVNMCAE 
14/03/2023 10:58:15 ok  ProcesaVNMCAE 
14/03/2023 10:58:15 Ingresando  ProcesarAgrupadosT 
14/03/2023 10:58:15 ok  ProcesarAgrupadosT 
14/03/2023 10:58:15 Ingresando  ProcesaMayorBancos 
14/03/2023 10:58:15 ok  ProcesaMayorBancos 
14/03/2023 10:58:15 Ingresando  ProcesaMayorUpeu 
14/03/2023 10:58:16 ok  ProcesaMayorUpeu 
14/03/2023 10:58:16 Ingresando  RecorreMayoruUpeuT 
14/03/2023 10:58:16 ok  RecorreMayoruUpeuT 
14/03/2023 10:58:16 Fin recorrido listaPendUpeuVisanet
14/03/2023 10:58:16 Ingresando  ProcesaVNMCAE 
14/03/2023 10:58:16 ok  ProcesaVNMCAE 
14/03/2023 10:58:16 Ingresando  ProcesarAgrupadosT 
14/03/2023 10:58:16 ok  ProcesarAgrupadosT 
14/03/2023 10:58:16 Ingresando  ProcesaMayorBancos 
14/03/2023 10:58:16 ok  ProcesaMayorBancos 
14/03/2023 10:58:16 Ingresando  ProcesaMayorUpeu 
14/03/2023 10:58:16 ok  ProcesaMayorUpeu 
14/03/2023 10:58:16 Ingresando  RecorreMayoruUpeuT 
14/03/2023 10:58:16 ok  RecorreMayoruUpeuT 
14/03/2023 10:58:16 Fin recorrido listaPendUpeuVisanet
14/03/2023 10:58:16 Ingresando  ProcesaVNMCAE 
14/03/2023 10:58:16 ok  ProcesaVNMCAE 
14/03/2023 10:58:16 Ingresando  ProcesarAgrupadosT 
14/03/2023 10:58:16 ok  ProcesarAgrupadosT 
14/03/2023 10:58:16 Ingresando  ProcesaMayorBancos 
14/03/2023 10:58:16 ok  ProcesaMayorBancos 
14/03/2023 10:58:16 Ingresando  ProcesaMayorUpeu 
14/03/2023 10:58:16 ok  ProcesaMayorUpeu 
14/03/2023 10:58:16 Ingresando  RecorreMayoruUpeuT 
14/03/2023 10:58:16 ok  RecorreMayoruUpeuT 
14/03/2023 10:58:16 Fin recorrido listaPendUpeuVisanet
14/03/2023 10:58:16 Ingresando  ProcesaVNMCAE 
14/03/2023 10:58:16 ok  ProcesaVNMCAE 
14/03/2023 10:58:16 Ingresando  ProcesarAgrupadosT 
14/03/2023 10:58:16 ok  ProcesarAgrupadosT 
14/03/2023 10:58:16 Ingresando  ProcesaMayorBancos 
14/03/2023 10:58:16 ok  ProcesaMayorBancos 
14/03/2023 10:58:16 Ingresando  ProcesaMayorUpeu 
14/03/2023 10:58:16 ok  ProcesaMayorUpeu 
14/03/2023 10:58:16 Ingresando  RecorreMayoruUpeuT 
14/03/2023 10:58:16 ok  RecorreMayoruUpeuT 
14/03/2023 10:58:16 Fin recorrido listaPendUpeuVisanet
14/03/2023 10:58:16 Ingresando  ProcesaVNMCAE 
14/03/2023 10:58:16 ok  ProcesaVNMCAE 
14/03/2023 10:58:16 Ingresando  ProcesarAgrupadosT 
14/03/2023 10:58:16 ok  ProcesarAgrupadosT 
14/03/2023 10:58:16 Ingresando  ProcesaMayorBancos 
14/03/2023 10:58:16 ok  ProcesaMayorBancos 
14/03/2023 10:58:16 Ingresando  ProcesaMayorUpeu 
14/03/2023 10:58:16 ok  ProcesaMayorUpeu 
14/03/2023 10:58:16 Ingresando  RecorreMayoruUpeuT 
14/03/2023 10:58:16 ok  RecorreMayoruUpeuT 
14/03/2023 10:58:16 Fin recorrido listaPendUpeuVisanet
14/03/2023 10:58:16 Ingresando  ProcesaVNMCAE 
14/03/2023 10:58:16 ok  ProcesaVNMCAE 
14/03/2023 10:58:16 Ingresando  ProcesarAgrupadosT 
14/03/2023 10:58:16 ok  ProcesarAgrupadosT 
14/03/2023 10:58:16 Ingresando  ProcesaMayorBancos 
14/03/2023 10:58:16 ok  ProcesaMayorBancos 
14/03/2023 10:58:16 Ingresando  ProcesaMayorUpeu 
14/03/2023 10:58:16 ok  ProcesaMayorUpeu 
14/03/2023 10:58:16 Ingresando  RecorreMayoruUpeuT 
14/03/2023 10:58:16 ok  RecorreMayoruUpeuT 
14/03/2023 10:58:16 Fin recorrido listaPendUpeuVisanet
14/03/2023 10:58:16 Ingresando  ProcesaVNMCAE 
14/03/2023 10:58:16 ok  ProcesaVNMCAE 
14/03/2023 10:58:16 Ingresando  ProcesarAgrupadosT 
14/03/2023 10:58:16 ok  ProcesarAgrupadosT 
14/03/2023 10:58:16 Ingresando  ProcesaMayorBancos 
14/03/2023 10:58:17 ok  ProcesaMayorBancos 
14/03/2023 10:58:17 Ingresando  ProcesaMayorUpeu 
14/03/2023 10:58:17 ok  ProcesaMayorUpeu 
14/03/2023 10:58:17 Ingresando  RecorreMayoruUpeuT 
14/03/2023 10:58:17 ok  RecorreMayoruUpeuT 
14/03/2023 10:58:17 Fin recorrido listaPendUpeuVisanet
14/03/2023 10:58:17 Ingresando  ProcesaVNMCAE 
14/03/2023 10:58:17 ok  ProcesaVNMCAE 
14/03/2023 10:58:17 Ingresando  ProcesarAgrupadosT 
14/03/2023 10:58:17 ok  ProcesarAgrupadosT 
14/03/2023 10:58:17 Ingresando  ProcesaMayorBancos 
14/03/2023 10:58:17 ok  ProcesaMayorBancos 
14/03/2023 10:58:17 Ingresando  ProcesaMayorUpeu 
14/03/2023 10:58:17 ok  ProcesaMayorUpeu 
14/03/2023 10:58:17 Ingresando  RecorreMayoruUpeuT 
14/03/2023 10:58:17 ok  RecorreMayoruUpeuT 
14/03/2023 10:58:17 Fin recorrido listaPendUpeuVisanet
14/03/2023 10:58:17 Ingresando  ProcesaVNMCAE 
14/03/2023 10:58:17 ok  ProcesaVNMCAE 
14/03/2023 10:58:17 Ingresando  ProcesarAgrupadosT 
14/03/2023 10:58:17 ok  ProcesarAgrupadosT 
14/03/2023 10:58:17 Ingresando  ProcesaMayorBancos 
14/03/2023 10:58:17 ok  ProcesaMayorBancos 
14/03/2023 10:58:17 Ingresando  ProcesaMayorUpeu 
14/03/2023 10:58:17 ok  ProcesaMayorUpeu 
14/03/2023 10:58:17 Ingresando  RecorreMayoruUpeuT 
14/03/2023 10:58:17 ok  RecorreMayoruUpeuT 
14/03/2023 10:58:17 Fin recorrido listaPendUpeuVisanet
14/03/2023 10:58:17 Ingresando  ProcesaVNMCAE 
14/03/2023 10:58:17 ok  ProcesaVNMCAE 
14/03/2023 10:58:17 Ingresando  ProcesarAgrupadosT 
14/03/2023 10:58:17 ok  ProcesarAgrupadosT 
14/03/2023 10:58:17 Ingresando  ProcesaMayorBancos 
14/03/2023 10:58:17 ok  ProcesaMayorBancos 
14/03/2023 10:58:17 Ingresando  ProcesaMayorUpeu 
14/03/2023 10:58:17 ok  ProcesaMayorUpeu 
14/03/2023 10:58:17 Ingresando  RecorreMayoruUpeuT 
14/03/2023 10:58:17 ok  RecorreMayoruUpeuT 
14/03/2023 10:58:17 Fin recorrido listaPendUpeuVisanet
14/03/2023 10:58:17 Ingresando  ProcesaVNMCAE 
14/03/2023 10:58:17 ok  ProcesaVNMCAE 
14/03/2023 10:58:17 Ingresando  ProcesarAgrupadosT 
14/03/2023 10:58:17 ok  ProcesarAgrupadosT 
14/03/2023 10:58:17 Ingresando  ProcesaMayorBancos 
14/03/2023 10:58:17 ok  ProcesaMayorBancos 
14/03/2023 10:58:17 Ingresando  ProcesaMayorUpeu 
14/03/2023 10:58:17 ok  ProcesaMayorUpeu 
14/03/2023 10:58:17 Ingresando  RecorreMayoruUpeuT 
14/03/2023 10:58:17 ok  RecorreMayoruUpeuT 
14/03/2023 10:58:17 Fin recorrido listaPendUpeuVisanet
14/03/2023 10:58:17 Ingresando  ProcesaVNMCAE 
14/03/2023 10:58:17 ok  ProcesaVNMCAE 
14/03/2023 10:58:17 Ingresando  ProcesarAgrupadosT 
14/03/2023 10:58:17 ok  ProcesarAgrupadosT 
14/03/2023 10:58:17 Ingresando  ProcesaMayorBancos 
14/03/2023 10:58:17 ok  ProcesaMayorBancos 
14/03/2023 10:58:17 Ingresando  ProcesaMayorUpeu 
14/03/2023 10:58:17 ok  ProcesaMayorUpeu 
14/03/2023 10:58:17 Ingresando  RecorreMayoruUpeuT 
14/03/2023 10:58:18 ok  RecorreMayoruUpeuT 
14/03/2023 10:58:18 Fin recorrido listaPendUpeuVisanet
14/03/2023 10:58:18 Ingresando  ProcesaVNMCAE 
14/03/2023 10:58:18 ok  ProcesaVNMCAE 
14/03/2023 10:58:18 Ingresando  ProcesarAgrupadosT 
14/03/2023 10:58:18 ok  ProcesarAgrupadosT 
14/03/2023 10:58:18 Ingresando  ProcesaMayorBancos 
14/03/2023 10:58:18 ok  ProcesaMayorBancos 
14/03/2023 10:58:18 Ingresando  ProcesaMayorUpeu 
14/03/2023 10:58:18 ok  ProcesaMayorUpeu 
14/03/2023 10:58:18 Ingresando  RecorreMayoruUpeuT 
14/03/2023 10:58:18 ok  RecorreMayoruUpeuT 
14/03/2023 10:58:18 Fin recorrido listaPendUpeuVisanet
14/03/2023 10:58:18 Ingresando  ProcesaVNMCAE 
14/03/2023 10:58:18 ok  ProcesaVNMCAE 
14/03/2023 10:58:18 Ingresando  ProcesarAgrupadosT 
14/03/2023 10:58:18 ok  ProcesarAgrupadosT 
14/03/2023 10:58:18 Ingresando  ProcesaMayorBancos 
14/03/2023 10:58:18 ok  ProcesaMayorBancos 
14/03/2023 10:58:18 Ingresando  ProcesaMayorUpeu 
14/03/2023 10:58:18 ok  ProcesaMayorUpeu 
14/03/2023 10:58:18 Ingresando  RecorreMayoruUpeuT 
14/03/2023 10:58:18 ok  RecorreMayoruUpeuT 
14/03/2023 10:58:18 Fin recorrido listaPendUpeuVisanet
14/03/2023 10:58:18 Ingresando  ProcesaVNMCAE 
14/03/2023 10:58:18 ok  ProcesaVNMCAE 
14/03/2023 10:58:18 Ingresando  ProcesarAgrupadosT 
14/03/2023 10:58:18 ok  ProcesarAgrupadosT 
14/03/2023 10:58:18 Ingresando  ProcesaMayorBancos 
14/03/2023 10:58:18 ok  ProcesaMayorBancos 
14/03/2023 10:58:18 Ingresando  ProcesaMayorUpeu 
14/03/2023 10:58:18 ok  ProcesaMayorUpeu 
14/03/2023 10:58:18 Ingresando  RecorreMayoruUpeuT 
14/03/2023 10:58:18 ok  RecorreMayoruUpeuT 
14/03/2023 10:58:18 Fin recorrido listaPendUpeuVisanet
14/03/2023 10:58:18 Ingresando  ProcesaVNMCAE 
14/03/2023 10:58:18 ok  ProcesaVNMCAE 
14/03/2023 10:58:18 Ingresando  ProcesarAgrupadosT 
14/03/2023 10:58:18 ok  ProcesarAgrupadosT 
14/03/2023 10:58:18 Ingresando  ProcesaMayorBancos 
14/03/2023 10:58:18 ok  ProcesaMayorBancos 
14/03/2023 10:58:18 Ingresando  ProcesaMayorUpeu 
14/03/2023 10:58:18 ok  ProcesaMayorUpeu 
14/03/2023 10:58:18 Ingresando  RecorreMayoruUpeuT 
14/03/2023 10:58:18 ok  RecorreMayoruUpeuT 
14/03/2023 10:58:18 Fin recorrido listaPendUpeuVisanet
14/03/2023 10:58:18 Ingresando  ProcesaVNMCAE 
14/03/2023 10:58:18 ok  ProcesaVNMCAE 
14/03/2023 10:58:18 Ingresando  ProcesarAgrupadosT 
14/03/2023 10:58:18 ok  ProcesarAgrupadosT 
14/03/2023 10:58:18 Ingresando  ProcesaMayorBancos 
14/03/2023 10:58:18 ok  ProcesaMayorBancos 
14/03/2023 10:58:18 Ingresando  ProcesaMayorUpeu 
14/03/2023 10:58:18 ok  ProcesaMayorUpeu 
14/03/2023 10:58:18 Ingresando  RecorreMayoruUpeuT 
14/03/2023 10:58:18 ok  RecorreMayoruUpeuT 
14/03/2023 10:58:18 Fin recorrido listaPendUpeuVisanet
14/03/2023 10:58:18 Ingresando  ProcesaVNMCAE 
14/03/2023 10:58:18 ok  ProcesaVNMCAE 
14/03/2023 10:58:18 Ingresando  ProcesarAgrupadosT 
14/03/2023 10:58:18 ok  ProcesarAgrupadosT 
14/03/2023 10:58:18 Ingresando  ProcesaMayorBancos 
14/03/2023 10:58:19 ok  ProcesaMayorBancos 
14/03/2023 10:58:19 Ingresando  ProcesaMayorUpeu 
14/03/2023 10:58:19 ok  ProcesaMayorUpeu 
14/03/2023 10:58:19 Ingresando  RecorreMayoruUpeuT 
14/03/2023 10:58:19 ok  RecorreMayoruUpeuT 
14/03/2023 10:58:19 Fin recorrido listaPendUpeuVisanet
14/03/2023 10:58:19 Ingresando  ProcesaVNMCAE 
14/03/2023 10:58:19 ok  ProcesaVNMCAE 
14/03/2023 10:58:19 Ingresando  ProcesarAgrupadosT 
14/03/2023 10:58:19 ok  ProcesarAgrupadosT 
14/03/2023 10:58:19 Ingresando  ProcesaMayorBancos 
14/03/2023 10:58:19 ok  ProcesaMayorBancos 
14/03/2023 10:58:19 Ingresando  ProcesaMayorUpeu 
14/03/2023 10:58:19 ok  ProcesaMayorUpeu 
14/03/2023 10:58:19 Ingresando  RecorreMayoruUpeuT 
14/03/2023 10:58:19 ok  RecorreMayoruUpeuT 
14/03/2023 10:58:19 Fin recorrido listaPendUpeuVisanet
14/03/2023 10:58:19 Ingresando  ProcesaVNMCAE 
14/03/2023 10:58:19 ok  ProcesaVNMCAE 
14/03/2023 10:58:19 Ingresando  ProcesarAgrupadosT 
14/03/2023 10:58:19 ok  ProcesarAgrupadosT 
14/03/2023 10:58:19 Ingresando  ProcesaMayorBancos 
14/03/2023 10:58:19 ok  ProcesaMayorBancos 
14/03/2023 10:58:19 Ingresando  ProcesaMayorUpeu 
14/03/2023 10:58:19 ok  ProcesaMayorUpeu 
14/03/2023 10:58:19 Ingresando  RecorreMayoruUpeuT 
14/03/2023 10:58:19 ok  RecorreMayoruUpeuT 
14/03/2023 10:58:19 Fin recorrido listaPendUpeuVisanet
14/03/2023 10:58:19 Ingresando  ProcesaVNMCAE 
14/03/2023 10:58:19 ok  ProcesaVNMCAE 
14/03/2023 10:58:19 Ingresando  ProcesarAgrupadosT 
14/03/2023 10:58:19 ok  ProcesarAgrupadosT 
14/03/2023 10:58:19 Ingresando  ProcesaMayorBancos 
14/03/2023 10:58:19 ok  ProcesaMayorBancos 
14/03/2023 10:58:19 Ingresando  ProcesaMayorUpeu 
14/03/2023 10:58:19 ok  ProcesaMayorUpeu 
14/03/2023 10:58:19 Ingresando  RecorreMayoruUpeuT 
14/03/2023 10:58:19 ok  RecorreMayoruUpeuT 
14/03/2023 10:58:19 Fin recorrido listaPendUpeuVisanet
14/03/2023 10:58:19 Ingresando  ProcesaVNMCAE 
14/03/2023 10:58:19 ok  ProcesaVNMCAE 
14/03/2023 10:58:19 Ingresando  ProcesarAgrupadosT 
14/03/2023 10:58:19 ok  ProcesarAgrupadosT 
14/03/2023 10:58:19 Ingresando  ProcesaMayorBancos 
14/03/2023 10:58:19 ok  ProcesaMayorBancos 
14/03/2023 10:58:19 Ingresando  ProcesaMayorUpeu 
14/03/2023 10:58:19 ok  ProcesaMayorUpeu 
14/03/2023 10:58:19 Ingresando  RecorreMayoruUpeuT 
14/03/2023 10:58:19 ok  RecorreMayoruUpeuT 
14/03/2023 10:58:19 Fin recorrido listaPendUpeuVisanet
14/03/2023 10:58:19 Ingresando  ProcesaVNMCAE 
14/03/2023 10:58:19 ok  ProcesaVNMCAE 
14/03/2023 10:58:19 Ingresando  ProcesarAgrupadosT 
14/03/2023 10:58:19 ok  ProcesarAgrupadosT 
14/03/2023 10:58:19 Ingresando  ProcesaMayorBancos 
14/03/2023 10:58:19 ok  ProcesaMayorBancos 
14/03/2023 10:58:19 Ingresando  ProcesaMayorUpeu 
14/03/2023 10:58:19 ok  ProcesaMayorUpeu 
14/03/2023 10:58:19 Ingresando  RecorreMayoruUpeuT 
14/03/2023 10:58:19 ok  RecorreMayoruUpeuT 
14/03/2023 10:58:19 Fin recorrido listaPendUpeuVisanet
14/03/2023 10:58:20 Ingresando  ProcesaVNMCAE 
14/03/2023 10:58:20 ok  ProcesaVNMCAE 
14/03/2023 10:58:20 Ingresando  ProcesarAgrupadosT 
14/03/2023 10:58:20 ok  ProcesarAgrupadosT 
14/03/2023 10:58:20 Ingresando  ProcesaMayorBancos 
14/03/2023 10:58:20 ok  ProcesaMayorBancos 
14/03/2023 10:58:20 Ingresando  ProcesaMayorUpeu 
14/03/2023 10:58:20 ok  ProcesaMayorUpeu 
14/03/2023 10:58:20 Ingresando  RecorreMayoruUpeuT 
14/03/2023 10:58:20 ok  RecorreMayoruUpeuT 
14/03/2023 10:58:20 Fin recorrido listaPendUpeuVisanet
14/03/2023 10:58:20 Ingresando  ProcesaVNMCAE 
14/03/2023 10:58:20 ok  ProcesaVNMCAE 
14/03/2023 10:58:20 Ingresando  ProcesarAgrupadosT 
14/03/2023 10:58:20 ok  ProcesarAgrupadosT 
14/03/2023 10:58:20 Ingresando  ProcesaMayorBancos 
14/03/2023 10:58:20 ok  ProcesaMayorBancos 
14/03/2023 10:58:20 Ingresando  ProcesaMayorUpeu 
14/03/2023 10:58:20 ok  ProcesaMayorUpeu 
14/03/2023 10:58:20 Ingresando  RecorreMayoruUpeuT 
14/03/2023 10:58:20 ok  RecorreMayoruUpeuT 
14/03/2023 10:58:20 Fin recorrido listaPendUpeuVisanet
14/03/2023 10:58:20 Ingresando  ProcesaVNMCAE 
14/03/2023 10:58:20 ok  ProcesaVNMCAE 
14/03/2023 10:58:20 Ingresando  ProcesarAgrupadosT 
14/03/2023 10:58:20 ok  ProcesarAgrupadosT 
14/03/2023 10:58:20 Ingresando  ProcesaMayorBancos 
14/03/2023 10:58:20 ok  ProcesaMayorBancos 
14/03/2023 10:58:20 Ingresando  ProcesaMayorUpeu 
14/03/2023 10:58:20 ok  ProcesaMayorUpeu 
14/03/2023 10:58:20 Ingresando  RecorreMayoruUpeuT 
14/03/2023 10:58:20 ok  RecorreMayoruUpeuT 
14/03/2023 10:58:20 Fin recorrido listaPendUpeuVisanet
14/03/2023 10:58:20 Ingresando  ProcesaVNMCAE 
14/03/2023 10:58:20 ok  ProcesaVNMCAE 
14/03/2023 10:58:20 Ingresando  ProcesarAgrupadosT 
14/03/2023 10:58:20 ok  ProcesarAgrupadosT 
14/03/2023 10:58:20 Ingresando  ProcesaMayorBancos 
14/03/2023 10:58:20 ok  ProcesaMayorBancos 
14/03/2023 10:58:20 Ingresando  ProcesaMayorUpeu 
14/03/2023 10:58:20 ok  ProcesaMayorUpeu 
14/03/2023 10:58:20 Ingresando  RecorreMayoruUpeuT 
14/03/2023 10:58:20 ok  RecorreMayoruUpeuT 
14/03/2023 10:58:20 Fin recorrido listaPendUpeuVisanet
14/03/2023 10:58:20 Ingresando  ProcesaVNMCAE 
14/03/2023 10:58:20 ok  ProcesaVNMCAE 
14/03/2023 10:58:20 Ingresando  ProcesarAgrupadosT 
14/03/2023 10:58:20 ok  ProcesarAgrupadosT 
14/03/2023 10:58:20 Ingresando  ProcesaMayorBancos 
14/03/2023 10:58:20 ok  ProcesaMayorBancos 
14/03/2023 10:58:20 Ingresando  ProcesaMayorUpeu 
14/03/2023 10:58:20 ok  ProcesaMayorUpeu 
14/03/2023 10:58:20 Ingresando  RecorreMayoruUpeuT 
14/03/2023 10:58:20 ok  RecorreMayoruUpeuT 
14/03/2023 10:58:20 Fin recorrido listaPendUpeuVisanet
14/03/2023 10:58:20 Ingresando  ProcesaVNMCAE 
14/03/2023 10:58:20 ok  ProcesaVNMCAE 
14/03/2023 10:58:20 Ingresando  ProcesarAgrupadosT 
14/03/2023 10:58:20 ok  ProcesarAgrupadosT 
14/03/2023 10:58:20 Ingresando  ProcesaMayorBancos 
14/03/2023 10:58:21 ok  ProcesaMayorBancos 
14/03/2023 10:58:21 Ingresando  ProcesaMayorUpeu 
14/03/2023 10:58:21 ok  ProcesaMayorUpeu 
14/03/2023 10:58:21 Ingresando  RecorreMayoruUpeuT 
14/03/2023 10:58:21 ok  RecorreMayoruUpeuT 
14/03/2023 10:58:21 Fin recorrido listaPendUpeuVisanet
14/03/2023 10:58:21 Ingresando  ProcesaVNMCAE 
14/03/2023 10:58:21 ok  ProcesaVNMCAE 
14/03/2023 10:58:21 Ingresando  ProcesarAgrupadosT 
14/03/2023 10:58:21 ok  ProcesarAgrupadosT 
14/03/2023 10:58:21 Ingresando  ProcesaMayorBancos 
14/03/2023 10:58:21 ok  ProcesaMayorBancos 
14/03/2023 10:58:21 Ingresando  ProcesaMayorUpeu 
14/03/2023 10:58:21 ok  ProcesaMayorUpeu 
14/03/2023 10:58:21 Ingresando  RecorreMayoruUpeuT 
14/03/2023 10:58:21 ok  RecorreMayoruUpeuT 
14/03/2023 10:58:21 Fin recorrido listaPendUpeuVisanet
14/03/2023 10:58:21 Ingresando  ProcesaVNMCAE 
14/03/2023 10:58:21 ok  ProcesaVNMCAE 
14/03/2023 10:58:21 Ingresando  ProcesarAgrupadosT 
14/03/2023 10:58:21 ok  ProcesarAgrupadosT 
14/03/2023 10:58:21 Ingresando  ProcesaMayorBancos 
14/03/2023 10:58:21 ok  ProcesaMayorBancos 
14/03/2023 10:58:21 Ingresando  ProcesaMayorUpeu 
14/03/2023 10:58:21 ok  ProcesaMayorUpeu 
14/03/2023 10:58:21 Ingresando  RecorreMayoruUpeuT 
14/03/2023 10:58:21 ok  RecorreMayoruUpeuT 
14/03/2023 10:58:21 Fin recorrido listaPendUpeuVisanet
14/03/2023 10:58:21 Ingresando  ProcesaVNMCAE 
14/03/2023 10:58:21 ok  ProcesaVNMCAE 
14/03/2023 10:58:21 Ingresando  ProcesarAgrupadosT 
14/03/2023 10:58:21 ok  ProcesarAgrupadosT 
14/03/2023 10:58:21 Ingresando  ProcesaMayorBancos 
14/03/2023 10:58:21 ok  ProcesaMayorBancos 
14/03/2023 10:58:21 Ingresando  ProcesaMayorUpeu 
14/03/2023 10:58:21 ok  ProcesaMayorUpeu 
14/03/2023 10:58:21 Ingresando  RecorreMayoruUpeuT 
14/03/2023 10:58:21 ok  RecorreMayoruUpeuT 
14/03/2023 10:58:21 Fin recorrido listaPendUpeuVisanet
14/03/2023 10:58:21 Ingresando  ProcesaVNMCAE 
14/03/2023 10:58:21 ok  ProcesaVNMCAE 
14/03/2023 10:58:21 Ingresando  ProcesarAgrupadosT 
14/03/2023 10:58:21 ok  ProcesarAgrupadosT 
14/03/2023 10:58:21 Ingresando  ProcesaMayorBancos 
14/03/2023 10:58:21 ok  ProcesaMayorBancos 
14/03/2023 10:58:21 Ingresando  ProcesaMayorUpeu 
14/03/2023 10:58:21 ok  ProcesaMayorUpeu 
14/03/2023 10:58:21 Ingresando  RecorreMayoruUpeuT 
14/03/2023 10:58:21 ok  RecorreMayoruUpeuT 
14/03/2023 10:58:21 Fin recorrido listaPendUpeuVisanet
14/03/2023 10:58:21 Ingresando  ProcesaVNMCAE 
14/03/2023 10:58:21 ok  ProcesaVNMCAE 
14/03/2023 10:58:21 Ingresando  ProcesarAgrupadosT 
14/03/2023 10:58:21 ok  ProcesarAgrupadosT 
14/03/2023 10:58:21 Ingresando  ProcesaMayorBancos 
14/03/2023 10:58:21 ok  ProcesaMayorBancos 
14/03/2023 10:58:21 Ingresando  ProcesaMayorUpeu 
14/03/2023 10:58:21 ok  ProcesaMayorUpeu 
14/03/2023 10:58:21 Ingresando  RecorreMayoruUpeuT 
14/03/2023 10:58:21 ok  RecorreMayoruUpeuT 
14/03/2023 10:58:21 Fin recorrido listaPendUpeuVisanet
14/03/2023 10:58:21 Ingresando  ProcesaVNMCAE 
14/03/2023 10:58:21 ok  ProcesaVNMCAE 
14/03/2023 10:58:21 Ingresando  ProcesarAgrupadosT 
14/03/2023 10:58:21 ok  ProcesarAgrupadosT 
14/03/2023 10:58:21 Ingresando  ProcesaMayorBancos 
14/03/2023 10:58:22 ok  ProcesaMayorBancos 
14/03/2023 10:58:22 Ingresando  ProcesaMayorUpeu 
14/03/2023 10:58:22 ok  ProcesaMayorUpeu 
14/03/2023 10:58:22 Ingresando  RecorreMayoruUpeuT 
14/03/2023 10:58:22 ok  RecorreMayoruUpeuT 
14/03/2023 10:58:22 Fin recorrido listaPendUpeuVisanet
14/03/2023 10:58:22 Ingresando  ProcesaVNMCAE 
14/03/2023 10:58:22 ok  ProcesaVNMCAE 
14/03/2023 10:58:22 Ingresando  ProcesarAgrupadosT 
14/03/2023 10:58:22 ok  ProcesarAgrupadosT 
14/03/2023 10:58:22 Ingresando  ProcesaMayorBancos 
14/03/2023 10:58:22 ok  ProcesaMayorBancos 
14/03/2023 10:58:22 Ingresando  ProcesaMayorUpeu 
14/03/2023 10:58:22 ok  ProcesaMayorUpeu 
14/03/2023 10:58:22 Ingresando  RecorreMayoruUpeuT 
14/03/2023 10:58:22 ok  RecorreMayoruUpeuT 
14/03/2023 10:58:22 Fin recorrido listaPendUpeuVisanet
14/03/2023 10:58:22 Ingresando  ProcesaVNMCAE 
14/03/2023 10:58:22 ok  ProcesaVNMCAE 
14/03/2023 10:58:22 Ingresando  ProcesarAgrupadosT 
14/03/2023 10:58:22 ok  ProcesarAgrupadosT 
14/03/2023 10:58:22 Ingresando  ProcesaMayorBancos 
14/03/2023 10:58:22 ok  ProcesaMayorBancos 
14/03/2023 10:58:22 Ingresando  ProcesaMayorUpeu 
14/03/2023 10:58:22 ok  ProcesaMayorUpeu 
14/03/2023 10:58:22 Ingresando  RecorreMayoruUpeuT 
14/03/2023 10:58:22 ok  RecorreMayoruUpeuT 
14/03/2023 10:58:22 Fin recorrido listaPendUpeuVisanet
14/03/2023 10:58:22 Ingresando  ProcesaVNMCAE 
14/03/2023 10:58:22 ok  ProcesaVNMCAE 
14/03/2023 10:58:22 Ingresando  ProcesarAgrupadosT 
14/03/2023 10:58:22 ok  ProcesarAgrupadosT 
14/03/2023 10:58:22 Ingresando  ProcesaMayorBancos 
14/03/2023 10:58:22 ok  ProcesaMayorBancos 
14/03/2023 10:58:22 Ingresando  ProcesaMayorUpeu 
14/03/2023 10:58:22 ok  ProcesaMayorUpeu 
14/03/2023 10:58:22 Ingresando  RecorreMayoruUpeuT 
14/03/2023 10:58:22 ok  RecorreMayoruUpeuT 
14/03/2023 10:58:22 Fin recorrido listaPendUpeuVisanet
14/03/2023 10:58:22 Ingresando  ProcesaVNMCAE 
14/03/2023 10:58:22 ok  ProcesaVNMCAE 
14/03/2023 10:58:22 Ingresando  ProcesarAgrupadosT 
14/03/2023 10:58:22 ok  ProcesarAgrupadosT 
14/03/2023 10:58:22 Ingresando  ProcesaMayorBancos 
14/03/2023 10:58:22 ok  ProcesaMayorBancos 
14/03/2023 10:58:22 Ingresando  ProcesaMayorUpeu 
14/03/2023 10:58:22 ok  ProcesaMayorUpeu 
14/03/2023 10:58:22 Ingresando  RecorreMayoruUpeuT 
14/03/2023 10:58:22 ok  RecorreMayoruUpeuT 
14/03/2023 10:58:22 Fin recorrido listaPendUpeuVisanet
14/03/2023 10:58:22 Ingresando  ProcesaVNMCAE 
14/03/2023 10:58:22 ok  ProcesaVNMCAE 
14/03/2023 10:58:22 Ingresando  ProcesarAgrupadosT 
14/03/2023 10:58:22 ok  ProcesarAgrupadosT 
14/03/2023 10:58:22 Ingresando  ProcesaMayorBancos 
14/03/2023 10:58:22 ok  ProcesaMayorBancos 
14/03/2023 10:58:22 Ingresando  ProcesaMayorUpeu 
14/03/2023 10:58:23 ok  ProcesaMayorUpeu 
14/03/2023 10:58:23 Ingresando  RecorreMayoruUpeuT 
14/03/2023 10:58:23 ok  RecorreMayoruUpeuT 
14/03/2023 10:58:23 Fin recorrido listaPendUpeuVisanet
14/03/2023 10:58:23 Ingresando  ProcesaVNMCAE 
14/03/2023 10:58:23 ok  ProcesaVNMCAE 
14/03/2023 10:58:23 Ingresando  ProcesarAgrupadosT 
14/03/2023 10:58:23 ok  ProcesarAgrupadosT 
14/03/2023 10:58:23 Ingresando  ProcesaMayorBancos 
14/03/2023 10:58:23 ok  ProcesaMayorBancos 
14/03/2023 10:58:23 Ingresando  ProcesaMayorUpeu 
14/03/2023 10:58:23 ok  ProcesaMayorUpeu 
14/03/2023 10:58:23 Ingresando  RecorreMayoruUpeuT 
14/03/2023 10:58:23 ok  RecorreMayoruUpeuT 
14/03/2023 10:58:23 Fin recorrido listaPendUpeuVisanet
14/03/2023 10:58:23 Ingresando  ProcesaVNMCAE 
14/03/2023 10:58:23 ok  ProcesaVNMCAE 
14/03/2023 10:58:23 Ingresando  ProcesarAgrupadosT 
14/03/2023 10:58:23 ok  ProcesarAgrupadosT 
14/03/2023 10:58:23 Ingresando  ProcesaMayorBancos 
14/03/2023 10:58:23 ok  ProcesaMayorBancos 
14/03/2023 10:58:23 Ingresando  ProcesaMayorUpeu 
14/03/2023 10:58:23 ok  ProcesaMayorUpeu 
14/03/2023 10:58:23 Ingresando  RecorreMayoruUpeuT 
14/03/2023 10:58:23 ok  RecorreMayoruUpeuT 
14/03/2023 10:58:23 Fin recorrido listaPendUpeuVisanet
14/03/2023 10:58:23 Ingresando  ProcesaVNMCAE 
14/03/2023 10:58:23 ok  ProcesaVNMCAE 
14/03/2023 10:58:23 Ingresando  ProcesarAgrupadosT 
14/03/2023 10:58:23 ok  ProcesarAgrupadosT 
14/03/2023 10:58:23 Ingresando  ProcesaMayorBancos 
14/03/2023 10:58:23 ok  ProcesaMayorBancos 
14/03/2023 10:58:23 Ingresando  ProcesaMayorUpeu 
14/03/2023 10:58:23 ok  ProcesaMayorUpeu 
14/03/2023 10:58:23 Ingresando  RecorreMayoruUpeuT 
14/03/2023 10:58:23 ok  RecorreMayoruUpeuT 
14/03/2023 10:58:23 Fin recorrido listaPendUpeuVisanet
14/03/2023 10:58:23 Ingresando  ProcesaVNMCAE 
14/03/2023 10:58:23 ok  ProcesaVNMCAE 
14/03/2023 10:58:23 Ingresando  ProcesarAgrupadosT 
14/03/2023 10:58:23 ok  ProcesarAgrupadosT 
14/03/2023 10:58:23 Ingresando  ProcesaMayorBancos 
14/03/2023 10:58:23 ok  ProcesaMayorBancos 
14/03/2023 10:58:23 Ingresando  ProcesaMayorUpeu 
14/03/2023 10:58:23 ok  ProcesaMayorUpeu 
14/03/2023 10:58:23 Ingresando  RecorreMayoruUpeuT 
14/03/2023 10:58:23 ok  RecorreMayoruUpeuT 
14/03/2023 10:58:23 Fin recorrido listaPendUpeuVisanet
14/03/2023 10:58:23 Ingresando  ProcesaVNMCAE 
14/03/2023 10:58:23 ok  ProcesaVNMCAE 
14/03/2023 10:58:23 Ingresando  ProcesarAgrupadosT 
14/03/2023 10:58:23 ok  ProcesarAgrupadosT 
14/03/2023 10:58:23 Ingresando  ProcesaMayorBancos 
14/03/2023 10:58:23 ok  ProcesaMayorBancos 
14/03/2023 10:58:23 Ingresando  ProcesaMayorUpeu 
14/03/2023 10:58:23 ok  ProcesaMayorUpeu 
14/03/2023 10:58:23 Ingresando  RecorreMayoruUpeuT 
14/03/2023 10:58:23 ok  RecorreMayoruUpeuT 
14/03/2023 10:58:23 Fin recorrido listaPendUpeuVisanet
14/03/2023 10:58:23 Ingresando  ProcesaVNMCAE 
14/03/2023 10:58:23 ok  ProcesaVNMCAE 
14/03/2023 10:58:23 Ingresando  ProcesarAgrupadosT 
14/03/2023 10:58:23 ok  ProcesarAgrupadosT 
14/03/2023 10:58:23 Ingresando  ProcesaMayorBancos 
14/03/2023 10:58:24 ok  ProcesaMayorBancos 
14/03/2023 10:58:24 Ingresando  ProcesaMayorUpeu 
14/03/2023 10:58:24 ok  ProcesaMayorUpeu 
14/03/2023 10:58:24 Ingresando  RecorreMayoruUpeuT 
14/03/2023 10:58:24 ok  RecorreMayoruUpeuT 
14/03/2023 10:58:24 Fin recorrido listaPendUpeuVisanet
14/03/2023 10:58:24 Ingresando  ProcesaVNMCAE 
14/03/2023 10:58:24 ok  ProcesaVNMCAE 
14/03/2023 10:58:24 Ingresando  ProcesarAgrupadosT 
14/03/2023 10:58:24 ok  ProcesarAgrupadosT 
14/03/2023 10:58:24 Ingresando  ProcesaMayorBancos 
14/03/2023 10:58:24 ok  ProcesaMayorBancos 
14/03/2023 10:58:24 Ingresando  ProcesaMayorUpeu 
14/03/2023 10:58:24 ok  ProcesaMayorUpeu 
14/03/2023 10:58:24 Ingresando  RecorreMayoruUpeuT 
14/03/2023 10:58:24 ok  RecorreMayoruUpeuT 
14/03/2023 10:58:24 Fin recorrido listaPendUpeuVisanet
14/03/2023 10:58:24 Ingresando  ProcesaVNMCAE 
14/03/2023 10:58:24 ok  ProcesaVNMCAE 
14/03/2023 10:58:24 Ingresando  ProcesarAgrupadosT 
14/03/2023 10:58:24 ok  ProcesarAgrupadosT 
14/03/2023 10:58:24 Ingresando  ProcesaMayorBancos 
14/03/2023 10:58:24 ok  ProcesaMayorBancos 
14/03/2023 10:58:24 Ingresando  ProcesaMayorUpeu 
14/03/2023 10:58:24 ok  ProcesaMayorUpeu 
14/03/2023 10:58:24 Ingresando  RecorreMayoruUpeuT 
14/03/2023 10:58:24 ok  RecorreMayoruUpeuT 
14/03/2023 10:58:24 Fin recorrido listaPendUpeuVisanet
14/03/2023 10:58:24 Ingresando  ProcesaVNMCAE 
14/03/2023 10:58:24 ok  ProcesaVNMCAE 
14/03/2023 10:58:24 Ingresando  ProcesarAgrupadosT 
14/03/2023 10:58:24 ok  ProcesarAgrupadosT 
14/03/2023 10:58:24 Ingresando  ProcesaMayorBancos 
14/03/2023 10:58:24 ok  ProcesaMayorBancos 
14/03/2023 10:58:24 Ingresando  ProcesaMayorUpeu 
14/03/2023 10:58:24 ok  ProcesaMayorUpeu 
14/03/2023 10:58:24 Ingresando  RecorreMayoruUpeuT 
14/03/2023 10:58:24 ok  RecorreMayoruUpeuT 
14/03/2023 10:58:24 Fin recorrido listaPendUpeuVisanet
14/03/2023 10:58:24 Ingresando  ProcesaVNMCAE 
14/03/2023 10:58:24 ok  ProcesaVNMCAE 
14/03/2023 10:58:24 Ingresando  ProcesarAgrupadosT 
14/03/2023 10:58:24 ok  ProcesarAgrupadosT 
14/03/2023 10:58:24 Ingresando  ProcesaMayorBancos 
14/03/2023 10:58:24 ok  ProcesaMayorBancos 
14/03/2023 10:58:24 Ingresando  ProcesaMayorUpeu 
14/03/2023 10:58:24 ok  ProcesaMayorUpeu 
14/03/2023 10:58:24 Ingresando  RecorreMayoruUpeuT 
14/03/2023 10:58:24 ok  RecorreMayoruUpeuT 
14/03/2023 10:58:24 Fin recorrido listaPendUpeuVisanet
14/03/2023 10:58:24 Ingresando  ProcesaVNMCAE 
14/03/2023 10:58:24 ok  ProcesaVNMCAE 
14/03/2023 10:58:24 Ingresando  ProcesarAgrupadosT 
14/03/2023 10:58:24 ok  ProcesarAgrupadosT 
14/03/2023 10:58:24 Ingresando  ProcesaMayorBancos 
14/03/2023 10:58:25 ok  ProcesaMayorBancos 
14/03/2023 10:58:25 Ingresando  ProcesaMayorUpeu 
14/03/2023 10:58:25 ok  ProcesaMayorUpeu 
14/03/2023 10:58:25 Ingresando  RecorreMayoruUpeuT 
14/03/2023 10:58:25 ok  RecorreMayoruUpeuT 
14/03/2023 10:58:25 Fin recorrido listaPendUpeuVisanet
14/03/2023 10:58:25 Ingresando  ProcesaVNMCAE 
14/03/2023 10:58:25 ok  ProcesaVNMCAE 
14/03/2023 10:58:25 Ingresando  ProcesarAgrupadosT 
14/03/2023 10:58:25 ok  ProcesarAgrupadosT 
14/03/2023 10:58:25 Ingresando  ProcesaMayorBancos 
14/03/2023 10:58:25 ok  ProcesaMayorBancos 
14/03/2023 10:58:25 Ingresando  ProcesaMayorUpeu 
14/03/2023 10:58:25 ok  ProcesaMayorUpeu 
14/03/2023 10:58:25 Ingresando  RecorreMayoruUpeuT 
14/03/2023 10:58:25 ok  RecorreMayoruUpeuT 
14/03/2023 10:58:25 Fin recorrido listaPendUpeuVisanet
14/03/2023 10:58:25 Ingresando  ProcesaVNMCAE 
14/03/2023 10:58:25 ok  ProcesaVNMCAE 
14/03/2023 10:58:25 Ingresando  ProcesarAgrupadosT 
14/03/2023 10:58:25 ok  ProcesarAgrupadosT 
14/03/2023 10:58:25 Ingresando  ProcesaMayorBancos 
14/03/2023 10:58:25 ok  ProcesaMayorBancos 
14/03/2023 10:58:25 Ingresando  ProcesaMayorUpeu 
14/03/2023 10:58:25 ok  ProcesaMayorUpeu 
14/03/2023 10:58:25 Ingresando  RecorreMayoruUpeuT 
14/03/2023 10:58:25 ok  RecorreMayoruUpeuT 
14/03/2023 10:58:25 Fin recorrido listaPendUpeuVisanet
14/03/2023 10:58:25 Ingresando  ProcesaVNMCAE 
14/03/2023 10:58:25 ok  ProcesaVNMCAE 
14/03/2023 10:58:25 Ingresando  ProcesarAgrupadosT 
14/03/2023 10:58:25 ok  ProcesarAgrupadosT 
14/03/2023 10:58:25 Ingresando  ProcesaMayorBancos 
14/03/2023 10:58:25 ok  ProcesaMayorBancos 
14/03/2023 10:58:25 Ingresando  ProcesaMayorUpeu 
14/03/2023 10:58:25 ok  ProcesaMayorUpeu 
14/03/2023 10:58:25 Ingresando  RecorreMayoruUpeuT 
14/03/2023 10:58:25 ok  RecorreMayoruUpeuT 
14/03/2023 10:58:25 Fin recorrido listaPendUpeuVisanet
14/03/2023 10:58:25 Ingresando  ProcesaVNMCAE 
14/03/2023 10:58:25 ok  ProcesaVNMCAE 
14/03/2023 10:58:25 Ingresando  ProcesarAgrupadosT 
14/03/2023 10:58:25 ok  ProcesarAgrupadosT 
14/03/2023 10:58:25 Ingresando  ProcesaMayorBancos 
14/03/2023 10:58:25 ok  ProcesaMayorBancos 
14/03/2023 10:58:25 Ingresando  ProcesaMayorUpeu 
14/03/2023 10:58:25 ok  ProcesaMayorUpeu 
14/03/2023 10:58:25 Ingresando  RecorreMayoruUpeuT 
14/03/2023 10:58:25 ok  RecorreMayoruUpeuT 
14/03/2023 10:58:25 Fin recorrido listaPendUpeuVisanet
14/03/2023 10:58:25 Ingresando  ProcesaVNMCAE 
14/03/2023 10:58:25 ok  ProcesaVNMCAE 
14/03/2023 10:58:25 Ingresando  ProcesarAgrupadosT 
14/03/2023 10:58:25 ok  ProcesarAgrupadosT 
14/03/2023 10:58:25 Ingresando  ProcesaMayorBancos 
14/03/2023 10:58:25 ok  ProcesaMayorBancos 
14/03/2023 10:58:25 Ingresando  ProcesaMayorUpeu 
14/03/2023 10:58:25 ok  ProcesaMayorUpeu 
14/03/2023 10:58:25 Ingresando  RecorreMayoruUpeuT 
14/03/2023 10:58:25 ok  RecorreMayoruUpeuT 
14/03/2023 10:58:25 Fin recorrido listaPendUpeuVisanet
14/03/2023 10:58:25 Ingresando  ProcesaVNMCAE 
14/03/2023 10:58:25 ok  ProcesaVNMCAE 
14/03/2023 10:58:25 Ingresando  ProcesarAgrupadosT 
14/03/2023 10:58:25 ok  ProcesarAgrupadosT 
14/03/2023 10:58:25 Ingresando  ProcesaMayorBancos 
14/03/2023 10:58:26 ok  ProcesaMayorBancos 
14/03/2023 10:58:26 Ingresando  ProcesaMayorUpeu 
14/03/2023 10:58:26 ok  ProcesaMayorUpeu 
14/03/2023 10:58:26 Ingresando  RecorreMayoruUpeuT 
14/03/2023 10:58:26 ok  RecorreMayoruUpeuT 
14/03/2023 10:58:26 Fin recorrido listaPendUpeuVisanet
14/03/2023 10:58:26 Ingresando  ProcesaVNMCAE 
14/03/2023 10:58:26 ok  ProcesaVNMCAE 
14/03/2023 10:58:26 Ingresando  ProcesarAgrupadosT 
14/03/2023 10:58:26 ok  ProcesarAgrupadosT 
14/03/2023 10:58:26 Ingresando  ProcesaMayorBancos 
14/03/2023 10:58:26 ok  ProcesaMayorBancos 
14/03/2023 10:58:26 Ingresando  ProcesaMayorUpeu 
14/03/2023 10:58:26 ok  ProcesaMayorUpeu 
14/03/2023 10:58:26 Ingresando  RecorreMayoruUpeuT 
14/03/2023 10:58:26 ok  RecorreMayoruUpeuT 
14/03/2023 10:58:26 Fin recorrido listaPendUpeuVisanet
14/03/2023 10:58:26 Ingresando  ProcesaVNMCAE 
14/03/2023 10:58:26 ok  ProcesaVNMCAE 
14/03/2023 10:58:26 Ingresando  ProcesarAgrupadosT 
14/03/2023 10:58:26 ok  ProcesarAgrupadosT 
14/03/2023 10:58:26 Ingresando  ProcesaMayorBancos 
14/03/2023 10:58:26 ok  ProcesaMayorBancos 
14/03/2023 10:58:26 Ingresando  ProcesaMayorUpeu 
14/03/2023 10:58:26 ok  ProcesaMayorUpeu 
14/03/2023 10:58:26 Ingresando  RecorreMayoruUpeuT 
14/03/2023 10:58:26 ok  RecorreMayoruUpeuT 
14/03/2023 10:58:26 Fin recorrido listaPendUpeuVisanet
14/03/2023 10:58:26 Ingresando  ProcesaVNMCAE 
14/03/2023 10:58:26 ok  ProcesaVNMCAE 
14/03/2023 10:58:26 Ingresando  ProcesarAgrupadosT 
14/03/2023 10:58:26 ok  ProcesarAgrupadosT 
14/03/2023 10:58:26 Ingresando  ProcesaMayorBancos 
14/03/2023 10:58:26 ok  ProcesaMayorBancos 
14/03/2023 10:58:26 Ingresando  ProcesaMayorUpeu 
14/03/2023 10:58:26 ok  ProcesaMayorUpeu 
14/03/2023 10:58:26 Ingresando  RecorreMayoruUpeuT 
14/03/2023 10:58:26 ok  RecorreMayoruUpeuT 
14/03/2023 10:58:26 Fin recorrido listaPendUpeuVisanet
14/03/2023 10:58:26 Ingresando  ProcesaVNMCAE 
14/03/2023 10:58:26 ok  ProcesaVNMCAE 
14/03/2023 10:58:26 Ingresando  ProcesarAgrupadosT 
14/03/2023 10:58:26 ok  ProcesarAgrupadosT 
14/03/2023 10:58:26 Ingresando  ProcesaMayorBancos 
14/03/2023 10:58:26 ok  ProcesaMayorBancos 
14/03/2023 10:58:26 Ingresando  ProcesaMayorUpeu 
14/03/2023 10:58:26 ok  ProcesaMayorUpeu 
14/03/2023 10:58:26 Ingresando  RecorreMayoruUpeuT 
14/03/2023 10:58:26 ok  RecorreMayoruUpeuT 
14/03/2023 10:58:26 Fin recorrido listaPendUpeuVisanet
14/03/2023 10:58:26 Ingresando  ProcesaVNMCAE 
14/03/2023 10:58:26 ok  ProcesaVNMCAE 
14/03/2023 10:58:26 Ingresando  ProcesarAgrupadosT 
14/03/2023 10:58:26 ok  ProcesarAgrupadosT 
14/03/2023 10:58:26 Ingresando  ProcesaMayorBancos 
14/03/2023 10:58:26 ok  ProcesaMayorBancos 
14/03/2023 10:58:27 Ingresando  ProcesaMayorUpeu 
14/03/2023 10:58:27 ok  ProcesaMayorUpeu 
14/03/2023 10:58:27 Ingresando  RecorreMayoruUpeuT 
14/03/2023 10:58:27 ok  RecorreMayoruUpeuT 
14/03/2023 10:58:27 Fin recorrido listaPendUpeuVisanet
14/03/2023 10:58:27 Ingresando  ProcesaVNMCAE 
14/03/2023 10:58:27 ok  ProcesaVNMCAE 
14/03/2023 10:58:27 Ingresando  ProcesarAgrupadosT 
14/03/2023 10:58:27 ok  ProcesarAgrupadosT 
14/03/2023 10:58:27 Ingresando  ProcesaMayorBancos 
14/03/2023 10:58:27 ok  ProcesaMayorBancos 
14/03/2023 10:58:27 Ingresando  ProcesaMayorUpeu 
14/03/2023 10:58:27 ok  ProcesaMayorUpeu 
14/03/2023 10:58:27 Ingresando  RecorreMayoruUpeuT 
14/03/2023 10:58:27 ok  RecorreMayoruUpeuT 
14/03/2023 10:58:27 Fin recorrido listaPendUpeuVisanet
14/03/2023 10:58:27 Ingresando  ProcesaVNMCAE 
14/03/2023 10:58:27 ok  ProcesaVNMCAE 
14/03/2023 10:58:27 Ingresando  ProcesarAgrupadosT 
14/03/2023 10:58:27 ok  ProcesarAgrupadosT 
14/03/2023 10:58:27 Ingresando  ProcesaMayorBancos 
14/03/2023 10:58:27 ok  ProcesaMayorBancos 
14/03/2023 10:58:27 Ingresando  ProcesaMayorUpeu 
14/03/2023 10:58:27 ok  ProcesaMayorUpeu 
14/03/2023 10:58:27 Ingresando  RecorreMayoruUpeuT 
14/03/2023 10:58:27 ok  RecorreMayoruUpeuT 
14/03/2023 10:58:27 Fin recorrido listaPendUpeuVisanet
14/03/2023 10:58:27 Ingresando  ProcesaVNMCAE 
14/03/2023 10:58:27 ok  ProcesaVNMCAE 
14/03/2023 10:58:27 Ingresando  ProcesarAgrupadosT 
14/03/2023 10:58:27 ok  ProcesarAgrupadosT 
14/03/2023 10:58:27 Ingresando  ProcesaMayorBancos 
14/03/2023 10:58:27 ok  ProcesaMayorBancos 
14/03/2023 10:58:27 Ingresando  ProcesaMayorUpeu 
14/03/2023 10:58:27 ok  ProcesaMayorUpeu 
14/03/2023 10:58:27 Ingresando  RecorreMayoruUpeuT 
14/03/2023 10:58:27 ok  RecorreMayoruUpeuT 
14/03/2023 10:58:27 Fin recorrido listaPendUpeuVisanet
14/03/2023 10:58:27 Ingresando  ProcesaVNMCAE 
14/03/2023 10:58:27 ok  ProcesaVNMCAE 
14/03/2023 10:58:27 Ingresando  ProcesarAgrupadosT 
14/03/2023 10:58:27 ok  ProcesarAgrupadosT 
14/03/2023 10:58:27 Ingresando  ProcesaMayorBancos 
14/03/2023 10:58:27 ok  ProcesaMayorBancos 
14/03/2023 10:58:27 Ingresando  ProcesaMayorUpeu 
14/03/2023 10:58:27 ok  ProcesaMayorUpeu 
14/03/2023 10:58:27 Ingresando  RecorreMayoruUpeuT 
14/03/2023 10:58:27 ok  RecorreMayoruUpeuT 
14/03/2023 10:58:27 Fin recorrido listaPendUpeuVisanet
14/03/2023 10:58:27 Ingresando  ProcesaVNMCAE 
14/03/2023 10:58:27 ok  ProcesaVNMCAE 
14/03/2023 10:58:27 Ingresando  ProcesarAgrupadosT 
14/03/2023 10:58:27 ok  ProcesarAgrupadosT 
14/03/2023 10:58:27 Ingresando  ProcesaMayorBancos 
14/03/2023 10:58:27 ok  ProcesaMayorBancos 
14/03/2023 10:58:27 Ingresando  ProcesaMayorUpeu 
14/03/2023 10:58:27 ok  ProcesaMayorUpeu 
14/03/2023 10:58:27 Ingresando  RecorreMayoruUpeuT 
14/03/2023 10:58:27 ok  RecorreMayoruUpeuT 
14/03/2023 10:58:27 Fin recorrido listaPendUpeuVisanet
14/03/2023 10:58:27 Ingresando  ProcesaVNMCAE 
14/03/2023 10:58:27 ok  ProcesaVNMCAE 
14/03/2023 10:58:27 Ingresando  ProcesarAgrupadosT 
14/03/2023 10:58:27 ok  ProcesarAgrupadosT 
14/03/2023 10:58:27 Ingresando  ProcesaMayorBancos 
14/03/2023 10:58:28 ok  ProcesaMayorBancos 
14/03/2023 10:58:28 Ingresando  ProcesaMayorUpeu 
14/03/2023 10:58:28 ok  ProcesaMayorUpeu 
14/03/2023 10:58:28 Ingresando  RecorreMayoruUpeuT 
14/03/2023 10:58:28 ok  RecorreMayoruUpeuT 
14/03/2023 10:58:28 Fin recorrido listaPendUpeuVisanet
14/03/2023 10:58:28 Ingresando  ProcesaVNMCAE 
14/03/2023 10:58:28 ok  ProcesaVNMCAE 
14/03/2023 10:58:28 Ingresando  ProcesarAgrupadosT 
14/03/2023 10:58:28 ok  ProcesarAgrupadosT 
14/03/2023 10:58:28 Ingresando  ProcesaMayorBancos 
14/03/2023 10:58:28 ok  ProcesaMayorBancos 
14/03/2023 10:58:28 Ingresando  ProcesaMayorUpeu 
14/03/2023 10:58:28 ok  ProcesaMayorUpeu 
14/03/2023 10:58:28 Ingresando  RecorreMayoruUpeuT 
14/03/2023 10:58:28 ok  RecorreMayoruUpeuT 
14/03/2023 10:58:28 Fin recorrido listaPendUpeuVisanet
14/03/2023 10:58:28 Ingresando  ProcesaVNMCAE 
14/03/2023 10:58:28 ok  ProcesaVNMCAE 
14/03/2023 10:58:28 Ingresando  ProcesarAgrupadosT 
14/03/2023 10:58:28 ok  ProcesarAgrupadosT 
14/03/2023 10:58:28 Ingresando  ProcesaMayorBancos 
14/03/2023 10:58:28 ok  ProcesaMayorBancos 
14/03/2023 10:58:28 Ingresando  ProcesaMayorUpeu 
14/03/2023 10:58:28 ok  ProcesaMayorUpeu 
14/03/2023 10:58:28 Ingresando  RecorreMayoruUpeuT 
14/03/2023 10:58:28 ok  RecorreMayoruUpeuT 
14/03/2023 10:58:28 Fin recorrido listaPendUpeuVisanet
14/03/2023 10:58:28 Ingresando  ProcesaVNMCAE 
14/03/2023 10:58:28 ok  ProcesaVNMCAE 
14/03/2023 10:58:28 Ingresando  ProcesarAgrupadosT 
14/03/2023 10:58:28 ok  ProcesarAgrupadosT 
14/03/2023 10:58:28 Ingresando  ProcesaMayorBancos 
14/03/2023 10:58:28 ok  ProcesaMayorBancos 
14/03/2023 10:58:28 Ingresando  ProcesaMayorUpeu 
14/03/2023 10:58:28 ok  ProcesaMayorUpeu 
14/03/2023 10:58:28 Ingresando  RecorreMayoruUpeuT 
14/03/2023 10:58:28 ok  RecorreMayoruUpeuT 
14/03/2023 10:58:28 Fin recorrido listaPendUpeuVisanet
14/03/2023 10:58:28 Ingresando  ProcesaVNMCAE 
14/03/2023 10:58:28 ok  ProcesaVNMCAE 
14/03/2023 10:58:28 Ingresando  ProcesarAgrupadosT 
14/03/2023 10:58:28 ok  ProcesarAgrupadosT 
14/03/2023 10:58:28 Ingresando  ProcesaMayorBancos 
14/03/2023 10:58:28 ok  ProcesaMayorBancos 
14/03/2023 10:58:28 Ingresando  ProcesaMayorUpeu 
14/03/2023 10:58:28 ok  ProcesaMayorUpeu 
14/03/2023 10:58:28 Ingresando  RecorreMayoruUpeuT 
14/03/2023 10:58:28 ok  RecorreMayoruUpeuT 
14/03/2023 10:58:28 Fin recorrido listaPendUpeuVisanet
14/03/2023 10:58:28 Ingresando  ProcesaVNMCAE 
14/03/2023 10:58:28 ok  ProcesaVNMCAE 
14/03/2023 10:58:28 Ingresando  ProcesarAgrupadosT 
14/03/2023 10:58:28 ok  ProcesarAgrupadosT 
14/03/2023 10:58:28 Ingresando  ProcesaMayorBancos 
14/03/2023 10:58:28 ok  ProcesaMayorBancos 
14/03/2023 10:58:28 Ingresando  ProcesaMayorUpeu 
14/03/2023 10:58:29 ok  ProcesaMayorUpeu 
14/03/2023 10:58:29 Ingresando  RecorreMayoruUpeuT 
14/03/2023 10:58:29 ok  RecorreMayoruUpeuT 
14/03/2023 10:58:29 Fin recorrido listaPendUpeuVisanet
14/03/2023 10:58:29 Ingresando  ProcesaVNMCAE 
14/03/2023 10:58:29 ok  ProcesaVNMCAE 
14/03/2023 10:58:29 Ingresando  ProcesarAgrupadosT 
14/03/2023 10:58:29 ok  ProcesarAgrupadosT 
14/03/2023 10:58:29 Ingresando  ProcesaMayorBancos 
14/03/2023 10:58:29 ok  ProcesaMayorBancos 
14/03/2023 10:58:29 Ingresando  ProcesaMayorUpeu 
14/03/2023 10:58:29 ok  ProcesaMayorUpeu 
14/03/2023 10:58:29 Ingresando  RecorreMayoruUpeuT 
14/03/2023 10:58:29 ok  RecorreMayoruUpeuT 
14/03/2023 10:58:29 Fin recorrido listaPendUpeuVisanet
14/03/2023 10:58:29 Ingresando  ProcesaVNMCAE 
14/03/2023 10:58:29 ok  ProcesaVNMCAE 
14/03/2023 10:58:29 Ingresando  ProcesarAgrupadosT 
14/03/2023 10:58:29 ok  ProcesarAgrupadosT 
14/03/2023 10:58:29 Ingresando  ProcesaMayorBancos 
14/03/2023 10:58:29 ok  ProcesaMayorBancos 
14/03/2023 10:58:29 Ingresando  ProcesaMayorUpeu 
14/03/2023 10:58:29 ok  ProcesaMayorUpeu 
14/03/2023 10:58:29 Ingresando  RecorreMayoruUpeuT 
14/03/2023 10:58:29 ok  RecorreMayoruUpeuT 
14/03/2023 10:58:29 Fin recorrido listaPendUpeuVisanet
14/03/2023 10:58:29 Ingresando  ProcesaVNMCAE 
14/03/2023 10:58:29 ok  ProcesaVNMCAE 
14/03/2023 10:58:29 Ingresando  ProcesarAgrupadosT 
14/03/2023 10:58:29 ok  ProcesarAgrupadosT 
14/03/2023 10:58:29 Ingresando  ProcesaMayorBancos 
14/03/2023 10:58:29 ok  ProcesaMayorBancos 
14/03/2023 10:58:29 Ingresando  ProcesaMayorUpeu 
14/03/2023 10:58:29 ok  ProcesaMayorUpeu 
14/03/2023 10:58:29 Ingresando  RecorreMayoruUpeuT 
14/03/2023 10:58:29 ok  RecorreMayoruUpeuT 
14/03/2023 10:58:29 Fin recorrido listaPendUpeuVisanet
14/03/2023 10:58:29 Ingresando  ProcesaVNMCAE 
14/03/2023 10:58:29 ok  ProcesaVNMCAE 
14/03/2023 10:58:29 Ingresando  ProcesarAgrupadosT 
14/03/2023 10:58:29 ok  ProcesarAgrupadosT 
14/03/2023 10:58:29 Ingresando  ProcesaMayorBancos 
14/03/2023 10:58:29 ok  ProcesaMayorBancos 
14/03/2023 10:58:29 Ingresando  ProcesaMayorUpeu 
14/03/2023 10:58:29 ok  ProcesaMayorUpeu 
14/03/2023 10:58:29 Ingresando  RecorreMayoruUpeuT 
14/03/2023 10:58:29 ok  RecorreMayoruUpeuT 
14/03/2023 10:58:29 Fin recorrido listaPendUpeuVisanet
14/03/2023 10:58:29 Ingresando  ProcesaVNMCAE 
14/03/2023 10:58:29 ok  ProcesaVNMCAE 
14/03/2023 10:58:29 Ingresando  ProcesarAgrupadosT 
14/03/2023 10:58:29 ok  ProcesarAgrupadosT 
14/03/2023 10:58:29 Ingresando  ProcesaMayorBancos 
14/03/2023 10:58:29 ok  ProcesaMayorBancos 
14/03/2023 10:58:29 Ingresando  ProcesaMayorUpeu 
14/03/2023 10:58:29 ok  ProcesaMayorUpeu 
14/03/2023 10:58:29 Ingresando  RecorreMayoruUpeuT 
14/03/2023 10:58:29 ok  RecorreMayoruUpeuT 
14/03/2023 10:58:29 Fin recorrido listaPendUpeuVisanet
14/03/2023 10:58:29 Ingresando  ProcesaVNMCAE 
14/03/2023 10:58:29 ok  ProcesaVNMCAE 
14/03/2023 10:58:29 Ingresando  ProcesarAgrupadosT 
14/03/2023 10:58:29 ok  ProcesarAgrupadosT 
14/03/2023 10:58:29 Ingresando  ProcesaMayorBancos 
14/03/2023 10:58:30 ok  ProcesaMayorBancos 
14/03/2023 10:58:30 Ingresando  ProcesaMayorUpeu 
14/03/2023 10:58:30 ok  ProcesaMayorUpeu 
14/03/2023 10:58:30 Ingresando  RecorreMayoruUpeuT 
14/03/2023 10:58:30 ok  RecorreMayoruUpeuT 
14/03/2023 10:58:30 Fin recorrido listaPendUpeuVisanet
14/03/2023 10:58:30 Ingresando  ProcesaVNMCAE 
14/03/2023 10:58:30 ok  ProcesaVNMCAE 
14/03/2023 10:58:30 Ingresando  ProcesarAgrupadosT 
14/03/2023 10:58:30 ok  ProcesarAgrupadosT 
14/03/2023 10:58:30 Ingresando  ProcesaMayorBancos 
14/03/2023 10:58:30 ok  ProcesaMayorBancos 
14/03/2023 10:58:30 Ingresando  ProcesaMayorUpeu 
14/03/2023 10:58:30 ok  ProcesaMayorUpeu 
14/03/2023 10:58:30 Ingresando  RecorreMayoruUpeuT 
14/03/2023 10:58:30 ok  RecorreMayoruUpeuT 
14/03/2023 10:58:30 Fin recorrido listaPendUpeuVisanet
14/03/2023 10:58:30 Ingresando  ProcesaVNMCAE 
14/03/2023 10:58:30 ok  ProcesaVNMCAE 
14/03/2023 10:58:30 Ingresando  ProcesarAgrupadosT 
14/03/2023 10:58:30 ok  ProcesarAgrupadosT 
14/03/2023 10:58:30 Ingresando  ProcesaMayorBancos 
14/03/2023 10:58:30 ok  ProcesaMayorBancos 
14/03/2023 10:58:30 Ingresando  ProcesaMayorUpeu 
14/03/2023 10:58:30 ok  ProcesaMayorUpeu 
14/03/2023 10:58:30 Ingresando  RecorreMayoruUpeuT 
14/03/2023 10:58:30 ok  RecorreMayoruUpeuT 
14/03/2023 10:58:30 Fin recorrido listaPendUpeuVisanet
14/03/2023 10:58:30 Ingresando  ProcesaVNMCAE 
14/03/2023 10:58:30 ok  ProcesaVNMCAE 
14/03/2023 10:58:30 Ingresando  ProcesarAgrupadosT 
14/03/2023 10:58:30 ok  ProcesarAgrupadosT 
14/03/2023 10:58:30 Ingresando  ProcesaMayorBancos 
14/03/2023 10:58:30 ok  ProcesaMayorBancos 
14/03/2023 10:58:30 Ingresando  ProcesaMayorUpeu 
14/03/2023 10:58:30 ok  ProcesaMayorUpeu 
14/03/2023 10:58:30 Ingresando  RecorreMayoruUpeuT 
14/03/2023 10:58:30 ok  RecorreMayoruUpeuT 
14/03/2023 10:58:30 Fin recorrido listaPendUpeuVisanet
14/03/2023 10:58:30 Ingresando  ProcesaVNMCAE 
14/03/2023 10:58:30 ok  ProcesaVNMCAE 
14/03/2023 10:58:30 Ingresando  ProcesarAgrupadosT 
14/03/2023 10:58:30 ok  ProcesarAgrupadosT 
14/03/2023 10:58:30 Ingresando  ProcesaMayorBancos 
14/03/2023 10:58:30 ok  ProcesaMayorBancos 
14/03/2023 10:58:30 Ingresando  ProcesaMayorUpeu 
14/03/2023 10:58:30 ok  ProcesaMayorUpeu 
14/03/2023 10:58:30 Ingresando  RecorreMayoruUpeuT 
14/03/2023 10:58:30 ok  RecorreMayoruUpeuT 
14/03/2023 10:58:30 Fin recorrido listaPendUpeuVisanet
14/03/2023 10:58:30 Ingresando  ProcesaVNMCAE 
14/03/2023 10:58:30 ok  ProcesaVNMCAE 
14/03/2023 10:58:30 Ingresando  ProcesarAgrupadosT 
14/03/2023 10:58:30 ok  ProcesarAgrupadosT 
14/03/2023 10:58:30 Ingresando  ProcesaMayorBancos 
14/03/2023 10:58:30 ok  ProcesaMayorBancos 
14/03/2023 10:58:30 Ingresando  ProcesaMayorUpeu 
14/03/2023 10:58:30 ok  ProcesaMayorUpeu 
14/03/2023 10:58:30 Ingresando  RecorreMayoruUpeuT 
14/03/2023 10:58:30 ok  RecorreMayoruUpeuT 
14/03/2023 10:58:31 Fin recorrido listaPendUpeuVisanet
14/03/2023 10:58:31 Ingresando  ProcesaVNMCAE 
14/03/2023 10:58:31 ok  ProcesaVNMCAE 
14/03/2023 10:58:31 Ingresando  ProcesarAgrupadosT 
14/03/2023 10:58:31 ok  ProcesarAgrupadosT 
14/03/2023 10:58:31 Ingresando  ProcesaMayorBancos 
14/03/2023 10:58:31 ok  ProcesaMayorBancos 
14/03/2023 10:58:31 Ingresando  ProcesaMayorUpeu 
14/03/2023 10:58:31 ok  ProcesaMayorUpeu 
14/03/2023 10:58:31 Ingresando  RecorreMayoruUpeuT 
14/03/2023 10:58:31 ok  RecorreMayoruUpeuT 
14/03/2023 10:58:31 Fin recorrido listaPendUpeuVisanet
14/03/2023 10:58:31 Ingresando  ProcesaVNMCAE 
14/03/2023 10:58:31 ok  ProcesaVNMCAE 
14/03/2023 10:58:31 Ingresando  ProcesarAgrupadosT 
14/03/2023 10:58:31 ok  ProcesarAgrupadosT 
14/03/2023 10:58:31 Ingresando  ProcesaMayorBancos 
14/03/2023 10:58:31 ok  ProcesaMayorBancos 
14/03/2023 10:58:31 Ingresando  ProcesaMayorUpeu 
14/03/2023 10:58:31 ok  ProcesaMayorUpeu 
14/03/2023 10:58:31 Ingresando  RecorreMayoruUpeuT 
14/03/2023 10:58:31 ok  RecorreMayoruUpeuT 
14/03/2023 10:58:31 Fin recorrido listaPendUpeuVisanet
14/03/2023 10:58:31 Ingresando  ProcesaVNMCAE 
14/03/2023 10:58:31 ok  ProcesaVNMCAE 
14/03/2023 10:58:31 Ingresando  ProcesarAgrupadosT 
14/03/2023 10:58:31 ok  ProcesarAgrupadosT 
14/03/2023 10:58:31 Ingresando  ProcesaMayorBancos 
14/03/2023 10:58:31 ok  ProcesaMayorBancos 
14/03/2023 10:58:31 Ingresando  ProcesaMayorUpeu 
14/03/2023 10:58:31 ok  ProcesaMayorUpeu 
14/03/2023 10:58:31 Ingresando  RecorreMayoruUpeuT 
14/03/2023 10:58:31 ok  RecorreMayoruUpeuT 
14/03/2023 10:58:31 Fin recorrido listaPendUpeuVisanet
14/03/2023 10:58:31 Ingresando dibujar excel 
14/03/2023 11:05:42  CargaExcel ok 
14/03/2023 11:05:42 Ingresando leer excel 
14/03/2023 11:05:42  ExceltoListNewv ok 
14/03/2023 11:05:42  ProcesoUnion ok 
14/03/2023 11:05:45 Ingresando  ProcesaVNMCAE 
14/03/2023 11:05:45 ok  ProcesaVNMCAE 
14/03/2023 11:05:45 Ingresando  ProcesarAgrupadosT 
14/03/2023 11:05:45 ok  ProcesarAgrupadosT 
14/03/2023 11:05:45 Ingresando  ProcesaMayorBancos 
14/03/2023 11:05:45 ok  ProcesaMayorBancos 
14/03/2023 11:05:45 Ingresando  ProcesaMayorUpeu 
14/03/2023 11:05:45 ok  ProcesaMayorUpeu 
14/03/2023 11:05:45 Ingresando  RecorreMayoruUpeuT 
14/03/2023 11:05:45 ok  RecorreMayoruUpeuT 
14/03/2023 11:05:45 Fin recorrido listaPendUpeuVisanet
14/03/2023 11:05:45 Ingresando  ProcesaVNMCAE 
14/03/2023 11:05:45 ok  ProcesaVNMCAE 
14/03/2023 11:05:45 Ingresando  ProcesarAgrupadosT 
14/03/2023 11:05:45 ok  ProcesarAgrupadosT 
14/03/2023 11:05:45 Ingresando  ProcesaMayorBancos 
14/03/2023 11:05:45 ok  ProcesaMayorBancos 
14/03/2023 11:05:45 Ingresando  ProcesaMayorUpeu 
14/03/2023 11:05:45 ok  ProcesaMayorUpeu 
14/03/2023 11:05:45 Ingresando  RecorreMayoruUpeuT 
14/03/2023 11:05:45 ok  RecorreMayoruUpeuT 
14/03/2023 11:05:45 Fin recorrido listaPendUpeuVisanet
14/03/2023 11:05:45 Ingresando  ProcesaVNMCAE 
14/03/2023 11:05:45 ok  ProcesaVNMCAE 
14/03/2023 11:05:45 Ingresando  ProcesarAgrupadosT 
14/03/2023 11:05:45 ok  ProcesarAgrupadosT 
14/03/2023 11:05:45 Ingresando  ProcesaMayorBancos 
14/03/2023 11:05:46 ok  ProcesaMayorBancos 
14/03/2023 11:05:46 Ingresando  ProcesaMayorUpeu 
14/03/2023 11:05:46 ok  ProcesaMayorUpeu 
14/03/2023 11:05:46 Ingresando  RecorreMayoruUpeuT 
14/03/2023 11:05:46 ok  RecorreMayoruUpeuT 
14/03/2023 11:05:46 Fin recorrido listaPendUpeuVisanet
14/03/2023 11:05:46 Ingresando  ProcesaVNMCAE 
14/03/2023 11:05:46 ok  ProcesaVNMCAE 
14/03/2023 11:05:46 Ingresando  ProcesarAgrupadosT 
14/03/2023 11:05:46 ok  ProcesarAgrupadosT 
14/03/2023 11:05:46 Ingresando  ProcesaMayorBancos 
14/03/2023 11:05:46 ok  ProcesaMayorBancos 
14/03/2023 11:05:46 Ingresando  ProcesaMayorUpeu 
14/03/2023 11:05:46 ok  ProcesaMayorUpeu 
14/03/2023 11:05:46 Ingresando  RecorreMayoruUpeuT 
14/03/2023 11:05:46 ok  RecorreMayoruUpeuT 
14/03/2023 11:05:46 Fin recorrido listaPendUpeuVisanet
14/03/2023 11:05:46 Ingresando  ProcesaVNMCAE 
14/03/2023 11:05:46 ok  ProcesaVNMCAE 
14/03/2023 11:05:46 Ingresando  ProcesarAgrupadosT 
14/03/2023 11:05:46 ok  ProcesarAgrupadosT 
14/03/2023 11:05:46 Ingresando  ProcesaMayorBancos 
14/03/2023 11:05:46 ok  ProcesaMayorBancos 
14/03/2023 11:05:46 Ingresando  ProcesaMayorUpeu 
14/03/2023 11:05:46 ok  ProcesaMayorUpeu 
14/03/2023 11:05:46 Ingresando  RecorreMayoruUpeuT 
14/03/2023 11:05:46 ok  RecorreMayoruUpeuT 
14/03/2023 11:05:46 Fin recorrido listaPendUpeuVisanet
14/03/2023 11:05:46 Ingresando  ProcesaVNMCAE 
14/03/2023 11:05:46 ok  ProcesaVNMCAE 
14/03/2023 11:05:46 Ingresando  ProcesarAgrupadosT 
14/03/2023 11:05:46 ok  ProcesarAgrupadosT 
14/03/2023 11:05:46 Ingresando  ProcesaMayorBancos 
14/03/2023 11:05:46 ok  ProcesaMayorBancos 
14/03/2023 11:05:46 Ingresando  ProcesaMayorUpeu 
14/03/2023 11:05:46 ok  ProcesaMayorUpeu 
14/03/2023 11:05:46 Ingresando  RecorreMayoruUpeuT 
14/03/2023 11:05:46 ok  RecorreMayoruUpeuT 
14/03/2023 11:05:46 Fin recorrido listaPendUpeuVisanet
14/03/2023 11:05:46 Ingresando  ProcesaVNMCAE 
14/03/2023 11:05:46 ok  ProcesaVNMCAE 
14/03/2023 11:05:46 Ingresando  ProcesarAgrupadosT 
14/03/2023 11:05:46 ok  ProcesarAgrupadosT 
14/03/2023 11:05:46 Ingresando  ProcesaMayorBancos 
14/03/2023 11:05:46 ok  ProcesaMayorBancos 
14/03/2023 11:05:46 Ingresando  ProcesaMayorUpeu 
14/03/2023 11:05:46 ok  ProcesaMayorUpeu 
14/03/2023 11:05:46 Ingresando  RecorreMayoruUpeuT 
14/03/2023 11:05:46 ok  RecorreMayoruUpeuT 
14/03/2023 11:05:46 Fin recorrido listaPendUpeuVisanet
14/03/2023 11:05:46 Ingresando  ProcesaVNMCAE 
14/03/2023 11:05:46 ok  ProcesaVNMCAE 
14/03/2023 11:05:46 Ingresando  ProcesarAgrupadosT 
14/03/2023 11:05:46 ok  ProcesarAgrupadosT 
14/03/2023 11:05:46 Ingresando  ProcesaMayorBancos 
14/03/2023 11:05:46 ok  ProcesaMayorBancos 
14/03/2023 11:05:46 Ingresando  ProcesaMayorUpeu 
14/03/2023 11:05:47 ok  ProcesaMayorUpeu 
14/03/2023 11:05:47 Ingresando  RecorreMayoruUpeuT 
14/03/2023 11:05:47 ok  RecorreMayoruUpeuT 
14/03/2023 11:05:47 Fin recorrido listaPendUpeuVisanet
14/03/2023 11:05:47 Ingresando  ProcesaVNMCAE 
14/03/2023 11:05:47 ok  ProcesaVNMCAE 
14/03/2023 11:05:47 Ingresando  ProcesarAgrupadosT 
14/03/2023 11:05:47 ok  ProcesarAgrupadosT 
14/03/2023 11:05:47 Ingresando  ProcesaMayorBancos 
14/03/2023 11:05:47 ok  ProcesaMayorBancos 
14/03/2023 11:05:47 Ingresando  ProcesaMayorUpeu 
14/03/2023 11:05:47 ok  ProcesaMayorUpeu 
14/03/2023 11:05:47 Ingresando  RecorreMayoruUpeuT 
14/03/2023 11:05:47 ok  RecorreMayoruUpeuT 
14/03/2023 11:05:47 Fin recorrido listaPendUpeuVisanet
14/03/2023 11:05:47 Ingresando  ProcesaVNMCAE 
14/03/2023 11:05:47 ok  ProcesaVNMCAE 
14/03/2023 11:05:47 Ingresando  ProcesarAgrupadosT 
14/03/2023 11:05:47 ok  ProcesarAgrupadosT 
14/03/2023 11:05:47 Ingresando  ProcesaMayorBancos 
14/03/2023 11:05:47 ok  ProcesaMayorBancos 
14/03/2023 11:05:47 Ingresando  ProcesaMayorUpeu 
14/03/2023 11:05:47 ok  ProcesaMayorUpeu 
14/03/2023 11:05:47 Ingresando  RecorreMayoruUpeuT 
14/03/2023 11:05:47 ok  RecorreMayoruUpeuT 
14/03/2023 11:05:47 Fin recorrido listaPendUpeuVisanet
14/03/2023 11:05:47 Ingresando  ProcesaVNMCAE 
14/03/2023 11:05:47 ok  ProcesaVNMCAE 
14/03/2023 11:05:47 Ingresando  ProcesarAgrupadosT 
14/03/2023 11:05:47 ok  ProcesarAgrupadosT 
14/03/2023 11:05:47 Ingresando  ProcesaMayorBancos 
14/03/2023 11:05:47 ok  ProcesaMayorBancos 
14/03/2023 11:05:47 Ingresando  ProcesaMayorUpeu 
14/03/2023 11:05:47 ok  ProcesaMayorUpeu 
14/03/2023 11:05:47 Ingresando  RecorreMayoruUpeuT 
14/03/2023 11:05:47 ok  RecorreMayoruUpeuT 
14/03/2023 11:05:47 Fin recorrido listaPendUpeuVisanet
14/03/2023 11:05:47 Ingresando  ProcesaVNMCAE 
14/03/2023 11:05:47 ok  ProcesaVNMCAE 
14/03/2023 11:05:47 Ingresando  ProcesarAgrupadosT 
14/03/2023 11:05:47 ok  ProcesarAgrupadosT 
14/03/2023 11:05:47 Ingresando  ProcesaMayorBancos 
14/03/2023 11:05:47 ok  ProcesaMayorBancos 
14/03/2023 11:05:47 Ingresando  ProcesaMayorUpeu 
14/03/2023 11:05:47 ok  ProcesaMayorUpeu 
14/03/2023 11:05:47 Ingresando  RecorreMayoruUpeuT 
14/03/2023 11:05:47 ok  RecorreMayoruUpeuT 
14/03/2023 11:05:47 Fin recorrido listaPendUpeuVisanet
14/03/2023 11:05:47 Ingresando  ProcesaVNMCAE 
14/03/2023 11:05:47 ok  ProcesaVNMCAE 
14/03/2023 11:05:47 Ingresando  ProcesarAgrupadosT 
14/03/2023 11:05:47 ok  ProcesarAgrupadosT 
14/03/2023 11:05:47 Ingresando  ProcesaMayorBancos 
14/03/2023 11:05:47 ok  ProcesaMayorBancos 
14/03/2023 11:05:47 Ingresando  ProcesaMayorUpeu 
14/03/2023 11:05:48 ok  ProcesaMayorUpeu 
14/03/2023 11:05:48 Ingresando  RecorreMayoruUpeuT 
14/03/2023 11:05:48 ok  RecorreMayoruUpeuT 
14/03/2023 11:05:48 Fin recorrido listaPendUpeuVisanet
14/03/2023 11:05:48 Ingresando  ProcesaVNMCAE 
14/03/2023 11:05:48 ok  ProcesaVNMCAE 
14/03/2023 11:05:48 Ingresando  ProcesarAgrupadosT 
14/03/2023 11:05:48 ok  ProcesarAgrupadosT 
14/03/2023 11:05:48 Ingresando  ProcesaMayorBancos 
14/03/2023 11:05:48 ok  ProcesaMayorBancos 
14/03/2023 11:05:48 Ingresando  ProcesaMayorUpeu 
14/03/2023 11:05:48 ok  ProcesaMayorUpeu 
14/03/2023 11:05:48 Ingresando  RecorreMayoruUpeuT 
14/03/2023 11:05:48 ok  RecorreMayoruUpeuT 
14/03/2023 11:05:48 Fin recorrido listaPendUpeuVisanet
14/03/2023 11:05:48 Ingresando  ProcesaVNMCAE 
14/03/2023 11:05:48 ok  ProcesaVNMCAE 
14/03/2023 11:05:48 Ingresando  ProcesarAgrupadosT 
14/03/2023 11:05:48 ok  ProcesarAgrupadosT 
14/03/2023 11:05:48 Ingresando  ProcesaMayorBancos 
14/03/2023 11:05:48 ok  ProcesaMayorBancos 
14/03/2023 11:05:48 Ingresando  ProcesaMayorUpeu 
14/03/2023 11:05:48 ok  ProcesaMayorUpeu 
14/03/2023 11:05:48 Ingresando  RecorreMayoruUpeuT 
14/03/2023 11:05:48 ok  RecorreMayoruUpeuT 
14/03/2023 11:05:48 Fin recorrido listaPendUpeuVisanet
14/03/2023 11:05:48 Ingresando  ProcesaVNMCAE 
14/03/2023 11:05:48 ok  ProcesaVNMCAE 
14/03/2023 11:05:48 Ingresando  ProcesarAgrupadosT 
14/03/2023 11:05:48 ok  ProcesarAgrupadosT 
14/03/2023 11:05:48 Ingresando  ProcesaMayorBancos 
14/03/2023 11:05:48 ok  ProcesaMayorBancos 
14/03/2023 11:05:48 Ingresando  ProcesaMayorUpeu 
14/03/2023 11:05:48 ok  ProcesaMayorUpeu 
14/03/2023 11:05:48 Ingresando  RecorreMayoruUpeuT 
14/03/2023 11:05:48 ok  RecorreMayoruUpeuT 
14/03/2023 11:05:48 Fin recorrido listaPendUpeuVisanet
14/03/2023 11:05:48 Ingresando  ProcesaVNMCAE 
14/03/2023 11:05:48 ok  ProcesaVNMCAE 
14/03/2023 11:05:48 Ingresando  ProcesarAgrupadosT 
14/03/2023 11:05:48 ok  ProcesarAgrupadosT 
14/03/2023 11:05:48 Ingresando  ProcesaMayorBancos 
14/03/2023 11:05:48 ok  ProcesaMayorBancos 
14/03/2023 11:05:48 Ingresando  ProcesaMayorUpeu 
14/03/2023 11:05:48 ok  ProcesaMayorUpeu 
14/03/2023 11:05:48 Ingresando  RecorreMayoruUpeuT 
14/03/2023 11:05:48 ok  RecorreMayoruUpeuT 
14/03/2023 11:05:48 Fin recorrido listaPendUpeuVisanet
14/03/2023 11:05:48 Ingresando  ProcesaVNMCAE 
14/03/2023 11:05:48 ok  ProcesaVNMCAE 
14/03/2023 11:05:48 Ingresando  ProcesarAgrupadosT 
14/03/2023 11:05:48 ok  ProcesarAgrupadosT 
14/03/2023 11:05:48 Ingresando  ProcesaMayorBancos 
14/03/2023 11:05:48 ok  ProcesaMayorBancos 
14/03/2023 11:05:48 Ingresando  ProcesaMayorUpeu 
14/03/2023 11:05:49 ok  ProcesaMayorUpeu 
14/03/2023 11:05:49 Ingresando  RecorreMayoruUpeuT 
14/03/2023 11:05:49 ok  RecorreMayoruUpeuT 
14/03/2023 11:05:49 Fin recorrido listaPendUpeuVisanet
14/03/2023 11:05:49 Ingresando  ProcesaVNMCAE 
14/03/2023 11:05:49 ok  ProcesaVNMCAE 
14/03/2023 11:05:49 Ingresando  ProcesarAgrupadosT 
14/03/2023 11:05:49 ok  ProcesarAgrupadosT 
14/03/2023 11:05:49 Ingresando  ProcesaMayorBancos 
14/03/2023 11:05:49 ok  ProcesaMayorBancos 
14/03/2023 11:05:49 Ingresando  ProcesaMayorUpeu 
14/03/2023 11:05:49 ok  ProcesaMayorUpeu 
14/03/2023 11:05:49 Ingresando  RecorreMayoruUpeuT 
14/03/2023 11:05:49 ok  RecorreMayoruUpeuT 
14/03/2023 11:05:49 Fin recorrido listaPendUpeuVisanet
14/03/2023 11:05:49 Ingresando  ProcesaVNMCAE 
14/03/2023 11:05:49 ok  ProcesaVNMCAE 
14/03/2023 11:05:49 Ingresando  ProcesarAgrupadosT 
14/03/2023 11:05:49 ok  ProcesarAgrupadosT 
14/03/2023 11:05:49 Ingresando  ProcesaMayorBancos 
14/03/2023 11:05:49 ok  ProcesaMayorBancos 
14/03/2023 11:05:49 Ingresando  ProcesaMayorUpeu 
14/03/2023 11:05:49 ok  ProcesaMayorUpeu 
14/03/2023 11:05:49 Ingresando  RecorreMayoruUpeuT 
14/03/2023 11:05:49 ok  RecorreMayoruUpeuT 
14/03/2023 11:05:49 Fin recorrido listaPendUpeuVisanet
14/03/2023 11:05:49 Ingresando  ProcesaVNMCAE 
14/03/2023 11:05:49 ok  ProcesaVNMCAE 
14/03/2023 11:05:49 Ingresando  ProcesarAgrupadosT 
14/03/2023 11:05:49 ok  ProcesarAgrupadosT 
14/03/2023 11:05:49 Ingresando  ProcesaMayorBancos 
14/03/2023 11:05:49 ok  ProcesaMayorBancos 
14/03/2023 11:05:49 Ingresando  ProcesaMayorUpeu 
14/03/2023 11:05:49 ok  ProcesaMayorUpeu 
14/03/2023 11:05:49 Ingresando  RecorreMayoruUpeuT 
14/03/2023 11:05:49 ok  RecorreMayoruUpeuT 
14/03/2023 11:05:49 Fin recorrido listaPendUpeuVisanet
14/03/2023 11:05:49 Ingresando dibujar excel 
14/03/2023 11:07:20  CargaExcel ok 
14/03/2023 11:07:20 Ingresando leer excel 
14/03/2023 11:07:20  ExceltoListNewv ok 
14/03/2023 11:07:20  ProcesoUnion ok 
14/03/2023 11:07:23 Ingresando  ProcesaVNMCAE 
14/03/2023 11:07:23 ok  ProcesaVNMCAE 
14/03/2023 11:07:23 Ingresando  ProcesarAgrupadosT 
14/03/2023 11:07:23 ok  ProcesarAgrupadosT 
14/03/2023 11:07:23 Ingresando  ProcesaMayorBancos 
14/03/2023 11:07:23 ok  ProcesaMayorBancos 
14/03/2023 11:07:23 Ingresando  ProcesaMayorUpeu 
14/03/2023 11:07:23 ok  ProcesaMayorUpeu 
14/03/2023 11:07:23 Ingresando  RecorreMayoruUpeuT 
14/03/2023 11:07:23 ok  RecorreMayoruUpeuT 
14/03/2023 11:07:23 Fin recorrido listaPendUpeuVisanet
14/03/2023 11:07:23 Ingresando  ProcesaVNMCAE 
14/03/2023 11:07:23 ok  ProcesaVNMCAE 
14/03/2023 11:07:23 Ingresando  ProcesarAgrupadosT 
14/03/2023 11:07:23 ok  ProcesarAgrupadosT 
14/03/2023 11:07:23 Ingresando  ProcesaMayorBancos 
14/03/2023 11:07:23 ok  ProcesaMayorBancos 
14/03/2023 11:07:23 Ingresando  ProcesaMayorUpeu 
14/03/2023 11:07:23 ok  ProcesaMayorUpeu 
14/03/2023 11:07:23 Ingresando  RecorreMayoruUpeuT 
14/03/2023 11:07:23 ok  RecorreMayoruUpeuT 
14/03/2023 11:07:23 Fin recorrido listaPendUpeuVisanet
14/03/2023 11:07:23 Ingresando  ProcesaVNMCAE 
14/03/2023 11:07:23 ok  ProcesaVNMCAE 
14/03/2023 11:07:23 Ingresando  ProcesarAgrupadosT 
14/03/2023 11:07:23 ok  ProcesarAgrupadosT 
14/03/2023 11:07:23 Ingresando  ProcesaMayorBancos 
14/03/2023 11:07:24 ok  ProcesaMayorBancos 
14/03/2023 11:07:24 Ingresando  ProcesaMayorUpeu 
14/03/2023 11:07:24 ok  ProcesaMayorUpeu 
14/03/2023 11:07:24 Ingresando  RecorreMayoruUpeuT 
14/03/2023 11:07:24 ok  RecorreMayoruUpeuT 
14/03/2023 11:07:24 Fin recorrido listaPendUpeuVisanet
14/03/2023 11:07:24 Ingresando  ProcesaVNMCAE 
14/03/2023 11:07:24 ok  ProcesaVNMCAE 
14/03/2023 11:07:24 Ingresando  ProcesarAgrupadosT 
14/03/2023 11:07:24 ok  ProcesarAgrupadosT 
14/03/2023 11:07:24 Ingresando  ProcesaMayorBancos 
14/03/2023 11:07:24 ok  ProcesaMayorBancos 
14/03/2023 11:07:24 Ingresando  ProcesaMayorUpeu 
14/03/2023 11:07:24 ok  ProcesaMayorUpeu 
14/03/2023 11:07:24 Ingresando  RecorreMayoruUpeuT 
14/03/2023 11:07:24 ok  RecorreMayoruUpeuT 
14/03/2023 11:07:24 Fin recorrido listaPendUpeuVisanet
14/03/2023 11:07:24 Ingresando  ProcesaVNMCAE 
14/03/2023 11:07:24 ok  ProcesaVNMCAE 
14/03/2023 11:07:24 Ingresando  ProcesarAgrupadosT 
14/03/2023 11:07:24 ok  ProcesarAgrupadosT 
14/03/2023 11:07:24 Ingresando  ProcesaMayorBancos 
14/03/2023 11:07:24 ok  ProcesaMayorBancos 
14/03/2023 11:07:24 Ingresando  ProcesaMayorUpeu 
14/03/2023 11:07:24 ok  ProcesaMayorUpeu 
14/03/2023 11:07:24 Ingresando  RecorreMayoruUpeuT 
14/03/2023 11:07:24 ok  RecorreMayoruUpeuT 
14/03/2023 11:07:24 Fin recorrido listaPendUpeuVisanet
14/03/2023 11:07:24 Ingresando  ProcesaVNMCAE 
14/03/2023 11:07:24 ok  ProcesaVNMCAE 
14/03/2023 11:07:24 Ingresando  ProcesarAgrupadosT 
14/03/2023 11:07:24 ok  ProcesarAgrupadosT 
14/03/2023 11:07:24 Ingresando  ProcesaMayorBancos 
14/03/2023 11:07:24 ok  ProcesaMayorBancos 
14/03/2023 11:07:24 Ingresando  ProcesaMayorUpeu 
14/03/2023 11:07:24 ok  ProcesaMayorUpeu 
14/03/2023 11:07:24 Ingresando  RecorreMayoruUpeuT 
14/03/2023 11:07:24 ok  RecorreMayoruUpeuT 
14/03/2023 11:07:24 Fin recorrido listaPendUpeuVisanet
14/03/2023 11:07:24 Ingresando  ProcesaVNMCAE 
14/03/2023 11:07:24 ok  ProcesaVNMCAE 
14/03/2023 11:07:24 Ingresando  ProcesarAgrupadosT 
14/03/2023 11:07:24 ok  ProcesarAgrupadosT 
14/03/2023 11:07:24 Ingresando  ProcesaMayorBancos 
14/03/2023 11:07:24 ok  ProcesaMayorBancos 
14/03/2023 11:07:24 Ingresando  ProcesaMayorUpeu 
14/03/2023 11:07:24 ok  ProcesaMayorUpeu 
14/03/2023 11:07:24 Ingresando  RecorreMayoruUpeuT 
14/03/2023 11:07:24 ok  RecorreMayoruUpeuT 
14/03/2023 11:07:24 Fin recorrido listaPendUpeuVisanet
14/03/2023 11:07:24 Ingresando  ProcesaVNMCAE 
14/03/2023 11:07:24 ok  ProcesaVNMCAE 
14/03/2023 11:07:24 Ingresando  ProcesarAgrupadosT 
14/03/2023 11:07:24 ok  ProcesarAgrupadosT 
14/03/2023 11:07:24 Ingresando  ProcesaMayorBancos 
14/03/2023 11:07:24 ok  ProcesaMayorBancos 
14/03/2023 11:07:24 Ingresando  ProcesaMayorUpeu 
14/03/2023 11:07:25 ok  ProcesaMayorUpeu 
14/03/2023 11:07:25 Ingresando  RecorreMayoruUpeuT 
14/03/2023 11:07:25 ok  RecorreMayoruUpeuT 
14/03/2023 11:07:25 Fin recorrido listaPendUpeuVisanet
14/03/2023 11:07:25 Ingresando  ProcesaVNMCAE 
14/03/2023 11:07:25 ok  ProcesaVNMCAE 
14/03/2023 11:07:25 Ingresando  ProcesarAgrupadosT 
14/03/2023 11:07:25 ok  ProcesarAgrupadosT 
14/03/2023 11:07:25 Ingresando  ProcesaMayorBancos 
14/03/2023 11:07:25 ok  ProcesaMayorBancos 
14/03/2023 11:07:25 Ingresando  ProcesaMayorUpeu 
14/03/2023 11:07:25 ok  ProcesaMayorUpeu 
14/03/2023 11:07:25 Ingresando  RecorreMayoruUpeuT 
14/03/2023 11:07:25 ok  RecorreMayoruUpeuT 
14/03/2023 11:07:25 Fin recorrido listaPendUpeuVisanet
14/03/2023 11:07:25 Ingresando  ProcesaVNMCAE 
14/03/2023 11:07:25 ok  ProcesaVNMCAE 
14/03/2023 11:07:25 Ingresando  ProcesarAgrupadosT 
14/03/2023 11:07:25 ok  ProcesarAgrupadosT 
14/03/2023 11:07:25 Ingresando  ProcesaMayorBancos 
14/03/2023 11:07:25 ok  ProcesaMayorBancos 
14/03/2023 11:07:25 Ingresando  ProcesaMayorUpeu 
14/03/2023 11:07:25 ok  ProcesaMayorUpeu 
14/03/2023 11:07:25 Ingresando  RecorreMayoruUpeuT 
14/03/2023 11:07:25 ok  RecorreMayoruUpeuT 
14/03/2023 11:07:25 Fin recorrido listaPendUpeuVisanet
14/03/2023 11:07:25 Ingresando  ProcesaVNMCAE 
14/03/2023 11:07:25 ok  ProcesaVNMCAE 
14/03/2023 11:07:25 Ingresando  ProcesarAgrupadosT 
14/03/2023 11:07:25 ok  ProcesarAgrupadosT 
14/03/2023 11:07:25 Ingresando  ProcesaMayorBancos 
14/03/2023 11:07:25 ok  ProcesaMayorBancos 
14/03/2023 11:07:25 Ingresando  ProcesaMayorUpeu 
14/03/2023 11:07:25 ok  ProcesaMayorUpeu 
14/03/2023 11:07:25 Ingresando  RecorreMayoruUpeuT 
14/03/2023 11:07:25 ok  RecorreMayoruUpeuT 
14/03/2023 11:07:25 Fin recorrido listaPendUpeuVisanet
14/03/2023 11:07:25 Ingresando  ProcesaVNMCAE 
14/03/2023 11:07:25 ok  ProcesaVNMCAE 
14/03/2023 11:07:25 Ingresando  ProcesarAgrupadosT 
14/03/2023 11:07:25 ok  ProcesarAgrupadosT 
14/03/2023 11:07:25 Ingresando  ProcesaMayorBancos 
14/03/2023 11:07:25 ok  ProcesaMayorBancos 
14/03/2023 11:07:25 Ingresando  ProcesaMayorUpeu 
14/03/2023 11:07:25 ok  ProcesaMayorUpeu 
14/03/2023 11:07:25 Ingresando  RecorreMayoruUpeuT 
14/03/2023 11:07:25 ok  RecorreMayoruUpeuT 
14/03/2023 11:07:25 Fin recorrido listaPendUpeuVisanet
14/03/2023 11:07:25 Ingresando  ProcesaVNMCAE 
14/03/2023 11:07:25 ok  ProcesaVNMCAE 
14/03/2023 11:07:25 Ingresando  ProcesarAgrupadosT 
14/03/2023 11:07:25 ok  ProcesarAgrupadosT 
14/03/2023 11:07:25 Ingresando  ProcesaMayorBancos 
14/03/2023 11:07:25 ok  ProcesaMayorBancos 
14/03/2023 11:07:25 Ingresando  ProcesaMayorUpeu 
14/03/2023 11:07:25 ok  ProcesaMayorUpeu 
14/03/2023 11:07:25 Ingresando  RecorreMayoruUpeuT 
14/03/2023 11:07:25 ok  RecorreMayoruUpeuT 
14/03/2023 11:07:25 Fin recorrido listaPendUpeuVisanet
14/03/2023 11:07:25 Ingresando  ProcesaVNMCAE 
14/03/2023 11:07:25 ok  ProcesaVNMCAE 
14/03/2023 11:07:25 Ingresando  ProcesarAgrupadosT 
14/03/2023 11:07:25 ok  ProcesarAgrupadosT 
14/03/2023 11:07:25 Ingresando  ProcesaMayorBancos 
14/03/2023 11:07:26 ok  ProcesaMayorBancos 
14/03/2023 11:07:26 Ingresando  ProcesaMayorUpeu 
14/03/2023 11:07:26 ok  ProcesaMayorUpeu 
14/03/2023 11:07:26 Ingresando  RecorreMayoruUpeuT 
14/03/2023 11:07:26 ok  RecorreMayoruUpeuT 
14/03/2023 11:07:26 Fin recorrido listaPendUpeuVisanet
14/03/2023 11:07:26 Ingresando  ProcesaVNMCAE 
14/03/2023 11:07:26 ok  ProcesaVNMCAE 
14/03/2023 11:07:26 Ingresando  ProcesarAgrupadosT 
14/03/2023 11:07:26 ok  ProcesarAgrupadosT 
14/03/2023 11:07:26 Ingresando  ProcesaMayorBancos 
14/03/2023 11:07:26 ok  ProcesaMayorBancos 
14/03/2023 11:07:26 Ingresando  ProcesaMayorUpeu 
14/03/2023 11:07:26 ok  ProcesaMayorUpeu 
14/03/2023 11:07:26 Ingresando  RecorreMayoruUpeuT 
14/03/2023 11:07:26 ok  RecorreMayoruUpeuT 
14/03/2023 11:07:26 Fin recorrido listaPendUpeuVisanet
14/03/2023 11:07:26 Ingresando  ProcesaVNMCAE 
14/03/2023 11:07:26 ok  ProcesaVNMCAE 
14/03/2023 11:07:26 Ingresando  ProcesarAgrupadosT 
14/03/2023 11:07:26 ok  ProcesarAgrupadosT 
14/03/2023 11:07:26 Ingresando  ProcesaMayorBancos 
14/03/2023 11:07:26 ok  ProcesaMayorBancos 
14/03/2023 11:07:26 Ingresando  ProcesaMayorUpeu 
14/03/2023 11:07:26 ok  ProcesaMayorUpeu 
14/03/2023 11:07:26 Ingresando  RecorreMayoruUpeuT 
14/03/2023 11:07:26 ok  RecorreMayoruUpeuT 
14/03/2023 11:07:26 Fin recorrido listaPendUpeuVisanet
14/03/2023 11:07:26 Ingresando  ProcesaVNMCAE 
14/03/2023 11:07:26 ok  ProcesaVNMCAE 
14/03/2023 11:07:26 Ingresando  ProcesarAgrupadosT 
14/03/2023 11:07:26 ok  ProcesarAgrupadosT 
14/03/2023 11:07:26 Ingresando  ProcesaMayorBancos 
14/03/2023 11:07:26 ok  ProcesaMayorBancos 
14/03/2023 11:07:26 Ingresando  ProcesaMayorUpeu 
14/03/2023 11:07:26 ok  ProcesaMayorUpeu 
14/03/2023 11:07:26 Ingresando  RecorreMayoruUpeuT 
14/03/2023 11:07:26 ok  RecorreMayoruUpeuT 
14/03/2023 11:07:26 Fin recorrido listaPendUpeuVisanet
14/03/2023 11:07:26 Ingresando  ProcesaVNMCAE 
14/03/2023 11:07:26 ok  ProcesaVNMCAE 
14/03/2023 11:07:26 Ingresando  ProcesarAgrupadosT 
14/03/2023 11:07:26 ok  ProcesarAgrupadosT 
14/03/2023 11:07:26 Ingresando  ProcesaMayorBancos 
14/03/2023 11:07:26 ok  ProcesaMayorBancos 
14/03/2023 11:07:26 Ingresando  ProcesaMayorUpeu 
14/03/2023 11:07:26 ok  ProcesaMayorUpeu 
14/03/2023 11:07:26 Ingresando  RecorreMayoruUpeuT 
14/03/2023 11:07:26 ok  RecorreMayoruUpeuT 
14/03/2023 11:07:26 Fin recorrido listaPendUpeuVisanet
14/03/2023 11:07:26 Ingresando  ProcesaVNMCAE 
14/03/2023 11:07:26 ok  ProcesaVNMCAE 
14/03/2023 11:07:26 Ingresando  ProcesarAgrupadosT 
14/03/2023 11:07:26 ok  ProcesarAgrupadosT 
14/03/2023 11:07:26 Ingresando  ProcesaMayorBancos 
14/03/2023 11:07:26 ok  ProcesaMayorBancos 
14/03/2023 11:07:26 Ingresando  ProcesaMayorUpeu 
14/03/2023 11:07:27 ok  ProcesaMayorUpeu 
14/03/2023 11:07:27 Ingresando  RecorreMayoruUpeuT 
14/03/2023 11:07:27 ok  RecorreMayoruUpeuT 
14/03/2023 11:07:27 Fin recorrido listaPendUpeuVisanet
14/03/2023 11:07:27 Ingresando  ProcesaVNMCAE 
14/03/2023 11:07:27 ok  ProcesaVNMCAE 
14/03/2023 11:07:27 Ingresando  ProcesarAgrupadosT 
14/03/2023 11:07:27 ok  ProcesarAgrupadosT 
14/03/2023 11:07:27 Ingresando  ProcesaMayorBancos 
14/03/2023 11:07:27 ok  ProcesaMayorBancos 
14/03/2023 11:07:27 Ingresando  ProcesaMayorUpeu 
14/03/2023 11:07:27 ok  ProcesaMayorUpeu 
14/03/2023 11:07:27 Ingresando  RecorreMayoruUpeuT 
14/03/2023 11:07:27 ok  RecorreMayoruUpeuT 
14/03/2023 11:07:27 Fin recorrido listaPendUpeuVisanet
14/03/2023 11:07:27 Ingresando  ProcesaVNMCAE 
14/03/2023 11:07:27 ok  ProcesaVNMCAE 
14/03/2023 11:07:27 Ingresando  ProcesarAgrupadosT 
14/03/2023 11:07:27 ok  ProcesarAgrupadosT 
14/03/2023 11:07:27 Ingresando  ProcesaMayorBancos 
14/03/2023 11:07:27 ok  ProcesaMayorBancos 
14/03/2023 11:07:27 Ingresando  ProcesaMayorUpeu 
14/03/2023 11:07:27 ok  ProcesaMayorUpeu 
14/03/2023 11:07:27 Ingresando  RecorreMayoruUpeuT 
14/03/2023 11:07:27 ok  RecorreMayoruUpeuT 
14/03/2023 11:07:27 Fin recorrido listaPendUpeuVisanet
14/03/2023 11:07:27 Ingresando dibujar excel 
14/03/2023 11:08:05  CargaExcel ok 
14/03/2023 11:08:05 Ingresando leer excel 
14/03/2023 11:08:05  ExceltoListNewv ok 
14/03/2023 11:08:05  ProcesoUnion ok 
14/03/2023 11:08:07 Ingresando  ProcesaVNMCAE 
14/03/2023 11:08:07 ok  ProcesaVNMCAE 
14/03/2023 11:08:07 Ingresando  ProcesarAgrupadosT 
14/03/2023 11:08:07 ok  ProcesarAgrupadosT 
14/03/2023 11:08:07 Ingresando  ProcesaMayorBancos 
14/03/2023 11:08:07 ok  ProcesaMayorBancos 
14/03/2023 11:08:07 Ingresando  ProcesaMayorUpeu 
14/03/2023 11:08:07 ok  ProcesaMayorUpeu 
14/03/2023 11:08:07 Ingresando  RecorreMayoruUpeuT 
14/03/2023 11:08:07 ok  RecorreMayoruUpeuT 
14/03/2023 11:08:07 Fin recorrido listaPendUpeuVisanet
14/03/2023 11:08:07 Ingresando  ProcesaVNMCAE 
14/03/2023 11:08:07 ok  ProcesaVNMCAE 
14/03/2023 11:08:07 Ingresando  ProcesarAgrupadosT 
14/03/2023 11:08:07 ok  ProcesarAgrupadosT 
14/03/2023 11:08:07 Ingresando  ProcesaMayorBancos 
14/03/2023 11:08:07 ok  ProcesaMayorBancos 
14/03/2023 11:08:07 Ingresando  ProcesaMayorUpeu 
14/03/2023 11:08:08 ok  ProcesaMayorUpeu 
14/03/2023 11:08:08 Ingresando  RecorreMayoruUpeuT 
14/03/2023 11:08:08 ok  RecorreMayoruUpeuT 
14/03/2023 11:08:08 Fin recorrido listaPendUpeuVisanet
14/03/2023 11:08:08 Ingresando  ProcesaVNMCAE 
14/03/2023 11:08:08 ok  ProcesaVNMCAE 
14/03/2023 11:08:08 Ingresando  ProcesarAgrupadosT 
14/03/2023 11:08:08 ok  ProcesarAgrupadosT 
14/03/2023 11:08:08 Ingresando  ProcesaMayorBancos 
14/03/2023 11:08:08 ok  ProcesaMayorBancos 
14/03/2023 11:08:08 Ingresando  ProcesaMayorUpeu 
14/03/2023 11:08:08 ok  ProcesaMayorUpeu 
14/03/2023 11:08:08 Ingresando  RecorreMayoruUpeuT 
14/03/2023 11:08:08 ok  RecorreMayoruUpeuT 
14/03/2023 11:08:08 Fin recorrido listaPendUpeuVisanet
14/03/2023 11:08:08 Ingresando  ProcesaVNMCAE 
14/03/2023 11:08:08 ok  ProcesaVNMCAE 
14/03/2023 11:08:08 Ingresando  ProcesarAgrupadosT 
14/03/2023 11:08:08 ok  ProcesarAgrupadosT 
14/03/2023 11:08:08 Ingresando  ProcesaMayorBancos 
14/03/2023 11:08:08 ok  ProcesaMayorBancos 
14/03/2023 11:08:08 Ingresando  ProcesaMayorUpeu 
14/03/2023 11:08:08 ok  ProcesaMayorUpeu 
14/03/2023 11:08:08 Ingresando  RecorreMayoruUpeuT 
14/03/2023 11:08:08 ok  RecorreMayoruUpeuT 
14/03/2023 11:08:08 Fin recorrido listaPendUpeuVisanet
14/03/2023 11:08:08 Ingresando  ProcesaVNMCAE 
14/03/2023 11:08:08 ok  ProcesaVNMCAE 
14/03/2023 11:08:08 Ingresando  ProcesarAgrupadosT 
14/03/2023 11:08:08 ok  ProcesarAgrupadosT 
14/03/2023 11:08:08 Ingresando  ProcesaMayorBancos 
14/03/2023 11:08:08 ok  ProcesaMayorBancos 
14/03/2023 11:08:08 Ingresando  ProcesaMayorUpeu 
14/03/2023 11:08:08 ok  ProcesaMayorUpeu 
14/03/2023 11:08:08 Ingresando  RecorreMayoruUpeuT 
14/03/2023 11:08:08 ok  RecorreMayoruUpeuT 
14/03/2023 11:08:08 Fin recorrido listaPendUpeuVisanet
14/03/2023 11:08:08 Ingresando  ProcesaVNMCAE 
14/03/2023 11:08:08 ok  ProcesaVNMCAE 
14/03/2023 11:08:08 Ingresando  ProcesarAgrupadosT 
14/03/2023 11:08:08 ok  ProcesarAgrupadosT 
14/03/2023 11:08:08 Ingresando  ProcesaMayorBancos 
14/03/2023 11:08:08 ok  ProcesaMayorBancos 
14/03/2023 11:08:08 Ingresando  ProcesaMayorUpeu 
14/03/2023 11:08:08 ok  ProcesaMayorUpeu 
14/03/2023 11:08:08 Ingresando  RecorreMayoruUpeuT 
14/03/2023 11:08:08 ok  RecorreMayoruUpeuT 
14/03/2023 11:08:08 Fin recorrido listaPendUpeuVisanet
14/03/2023 11:08:08 Ingresando  ProcesaVNMCAE 
14/03/2023 11:08:08 ok  ProcesaVNMCAE 
14/03/2023 11:08:08 Ingresando  ProcesarAgrupadosT 
14/03/2023 11:08:08 ok  ProcesarAgrupadosT 
14/03/2023 11:08:08 Ingresando  ProcesaMayorBancos 
14/03/2023 11:08:08 ok  ProcesaMayorBancos 
14/03/2023 11:08:08 Ingresando  ProcesaMayorUpeu 
14/03/2023 11:08:08 ok  ProcesaMayorUpeu 
14/03/2023 11:08:08 Ingresando  RecorreMayoruUpeuT 
14/03/2023 11:08:08 ok  RecorreMayoruUpeuT 
14/03/2023 11:08:08 Fin recorrido listaPendUpeuVisanet
14/03/2023 11:08:08 Ingresando  ProcesaVNMCAE 
14/03/2023 11:08:08 ok  ProcesaVNMCAE 
14/03/2023 11:08:08 Ingresando  ProcesarAgrupadosT 
14/03/2023 11:08:08 ok  ProcesarAgrupadosT 
14/03/2023 11:08:08 Ingresando  ProcesaMayorBancos 
14/03/2023 11:08:09 ok  ProcesaMayorBancos 
14/03/2023 11:08:09 Ingresando  ProcesaMayorUpeu 
14/03/2023 11:08:09 ok  ProcesaMayorUpeu 
14/03/2023 11:08:09 Ingresando  RecorreMayoruUpeuT 
14/03/2023 11:08:09 ok  RecorreMayoruUpeuT 
14/03/2023 11:08:09 Fin recorrido listaPendUpeuVisanet
14/03/2023 11:08:09 Ingresando  ProcesaVNMCAE 
14/03/2023 11:08:09 ok  ProcesaVNMCAE 
14/03/2023 11:08:09 Ingresando  ProcesarAgrupadosT 
14/03/2023 11:08:09 ok  ProcesarAgrupadosT 
14/03/2023 11:08:09 Ingresando  ProcesaMayorBancos 
14/03/2023 11:08:09 ok  ProcesaMayorBancos 
14/03/2023 11:08:09 Ingresando  ProcesaMayorUpeu 
14/03/2023 11:08:09 ok  ProcesaMayorUpeu 
14/03/2023 11:08:09 Ingresando  RecorreMayoruUpeuT 
14/03/2023 11:08:09 ok  RecorreMayoruUpeuT 
14/03/2023 11:08:09 Fin recorrido listaPendUpeuVisanet
14/03/2023 11:08:09 Ingresando  ProcesaVNMCAE 
14/03/2023 11:08:09 ok  ProcesaVNMCAE 
14/03/2023 11:08:09 Ingresando  ProcesarAgrupadosT 
14/03/2023 11:08:09 ok  ProcesarAgrupadosT 
14/03/2023 11:08:09 Ingresando  ProcesaMayorBancos 
14/03/2023 11:08:09 ok  ProcesaMayorBancos 
14/03/2023 11:08:09 Ingresando  ProcesaMayorUpeu 
14/03/2023 11:08:09 ok  ProcesaMayorUpeu 
14/03/2023 11:08:09 Ingresando  RecorreMayoruUpeuT 
14/03/2023 11:08:09 ok  RecorreMayoruUpeuT 
14/03/2023 11:08:09 Fin recorrido listaPendUpeuVisanet
14/03/2023 11:08:09 Ingresando  ProcesaVNMCAE 
14/03/2023 11:08:09 ok  ProcesaVNMCAE 
14/03/2023 11:08:09 Ingresando  ProcesarAgrupadosT 
14/03/2023 11:08:09 ok  ProcesarAgrupadosT 
14/03/2023 11:08:09 Ingresando  ProcesaMayorBancos 
14/03/2023 11:08:09 ok  ProcesaMayorBancos 
14/03/2023 11:08:09 Ingresando  ProcesaMayorUpeu 
14/03/2023 11:08:09 ok  ProcesaMayorUpeu 
14/03/2023 11:08:09 Ingresando  RecorreMayoruUpeuT 
14/03/2023 11:08:09 ok  RecorreMayoruUpeuT 
14/03/2023 11:08:09 Fin recorrido listaPendUpeuVisanet
14/03/2023 11:08:09 Ingresando dibujar excel 
14/03/2023 11:54:45  CargaExcel ok 
14/03/2023 11:54:45 Ingresando leer excel 
14/03/2023 11:54:45  ExceltoListNewv ok 
14/03/2023 11:54:45  ProcesoUnion ok 
14/03/2023 11:54:49 Ingresando  ProcesaVNMCAE 
14/03/2023 11:54:49 ok  ProcesaVNMCAE 
14/03/2023 11:54:49 Ingresando  ProcesarAgrupadosT 
14/03/2023 11:54:49 ok  ProcesarAgrupadosT 
14/03/2023 11:54:49 Ingresando  ProcesaMayorBancos 
14/03/2023 11:54:49 ok  ProcesaMayorBancos 
14/03/2023 11:54:49 Ingresando  ProcesaMayorUpeu 
14/03/2023 11:54:49 ok  ProcesaMayorUpeu 
14/03/2023 11:54:49 Ingresando  RecorreMayoruUpeuT 
14/03/2023 11:54:49 ok  RecorreMayoruUpeuT 
14/03/2023 11:54:49 Fin recorrido listaPendUpeuVisanet
14/03/2023 11:54:49 Ingresando  ProcesaVNMCAE 
14/03/2023 11:54:50 ok  ProcesaVNMCAE 
14/03/2023 11:54:50 Ingresando  ProcesarAgrupadosT 
14/03/2023 11:54:50 ok  ProcesarAgrupadosT 
14/03/2023 11:54:50 Ingresando  ProcesaMayorBancos 
14/03/2023 11:54:50 ok  ProcesaMayorBancos 
14/03/2023 11:54:50 Ingresando  ProcesaMayorUpeu 
14/03/2023 11:54:50 ok  ProcesaMayorUpeu 
14/03/2023 11:54:50 Ingresando  RecorreMayoruUpeuT 
14/03/2023 11:54:50 ok  RecorreMayoruUpeuT 
14/03/2023 11:54:50 Fin recorrido listaPendUpeuVisanet
14/03/2023 11:54:50 Ingresando  ProcesaVNMCAE 
14/03/2023 11:54:50 ok  ProcesaVNMCAE 
14/03/2023 11:54:50 Ingresando  ProcesarAgrupadosT 
14/03/2023 11:54:50 ok  ProcesarAgrupadosT 
14/03/2023 11:54:50 Ingresando  ProcesaMayorBancos 
14/03/2023 11:54:50 ok  ProcesaMayorBancos 
14/03/2023 11:54:50 Ingresando  ProcesaMayorUpeu 
14/03/2023 11:54:50 ok  ProcesaMayorUpeu 
14/03/2023 11:54:50 Ingresando  RecorreMayoruUpeuT 
14/03/2023 11:54:50 ok  RecorreMayoruUpeuT 
14/03/2023 11:54:50 Fin recorrido listaPendUpeuVisanet
14/03/2023 11:54:50 Ingresando  ProcesaVNMCAE 
14/03/2023 11:54:50 ok  ProcesaVNMCAE 
14/03/2023 11:54:50 Ingresando  ProcesarAgrupadosT 
14/03/2023 11:54:50 ok  ProcesarAgrupadosT 
14/03/2023 11:54:50 Ingresando  ProcesaMayorBancos 
14/03/2023 11:54:50 ok  ProcesaMayorBancos 
14/03/2023 11:54:50 Ingresando  ProcesaMayorUpeu 
14/03/2023 11:54:50 ok  ProcesaMayorUpeu 
14/03/2023 11:54:50 Ingresando  RecorreMayoruUpeuT 
14/03/2023 11:54:50 ok  RecorreMayoruUpeuT 
14/03/2023 11:54:50 Fin recorrido listaPendUpeuVisanet
14/03/2023 11:54:50 Ingresando  ProcesaVNMCAE 
14/03/2023 11:54:50 ok  ProcesaVNMCAE 
14/03/2023 11:54:50 Ingresando  ProcesarAgrupadosT 
14/03/2023 11:54:50 ok  ProcesarAgrupadosT 
14/03/2023 11:54:50 Ingresando  ProcesaMayorBancos 
14/03/2023 11:54:50 ok  ProcesaMayorBancos 
14/03/2023 11:54:50 Ingresando  ProcesaMayorUpeu 
14/03/2023 11:54:50 ok  ProcesaMayorUpeu 
14/03/2023 11:54:50 Ingresando  RecorreMayoruUpeuT 
14/03/2023 11:54:50 ok  RecorreMayoruUpeuT 
14/03/2023 11:54:50 Fin recorrido listaPendUpeuVisanet
14/03/2023 11:54:50 Ingresando  ProcesaVNMCAE 
14/03/2023 11:54:50 ok  ProcesaVNMCAE 
14/03/2023 11:54:50 Ingresando  ProcesarAgrupadosT 
14/03/2023 11:54:50 ok  ProcesarAgrupadosT 
14/03/2023 11:54:50 Ingresando  ProcesaMayorBancos 
14/03/2023 11:54:50 ok  ProcesaMayorBancos 
14/03/2023 11:54:50 Ingresando  ProcesaMayorUpeu 
14/03/2023 11:54:50 ok  ProcesaMayorUpeu 
14/03/2023 11:54:50 Ingresando  RecorreMayoruUpeuT 
14/03/2023 11:54:50 ok  RecorreMayoruUpeuT 
14/03/2023 11:54:50 Fin recorrido listaPendUpeuVisanet
14/03/2023 11:54:50 Ingresando  ProcesaVNMCAE 
14/03/2023 11:54:50 ok  ProcesaVNMCAE 
14/03/2023 11:54:50 Ingresando  ProcesarAgrupadosT 
14/03/2023 11:54:50 ok  ProcesarAgrupadosT 
14/03/2023 11:54:50 Ingresando  ProcesaMayorBancos 
14/03/2023 11:54:51 ok  ProcesaMayorBancos 
14/03/2023 11:54:51 Ingresando  ProcesaMayorUpeu 
14/03/2023 11:54:51 ok  ProcesaMayorUpeu 
14/03/2023 11:54:51 Ingresando  RecorreMayoruUpeuT 
14/03/2023 11:54:51 ok  RecorreMayoruUpeuT 
14/03/2023 11:54:51 Fin recorrido listaPendUpeuVisanet
14/03/2023 11:54:51 Ingresando  ProcesaVNMCAE 
14/03/2023 11:54:51 ok  ProcesaVNMCAE 
14/03/2023 11:54:51 Ingresando  ProcesarAgrupadosT 
14/03/2023 11:54:51 ok  ProcesarAgrupadosT 
14/03/2023 11:54:51 Ingresando  ProcesaMayorBancos 
14/03/2023 11:54:51 ok  ProcesaMayorBancos 
14/03/2023 11:54:51 Ingresando  ProcesaMayorUpeu 
14/03/2023 11:54:51 ok  ProcesaMayorUpeu 
14/03/2023 11:54:51 Ingresando  RecorreMayoruUpeuT 
14/03/2023 11:54:51 ok  RecorreMayoruUpeuT 
14/03/2023 11:54:51 Fin recorrido listaPendUpeuVisanet
14/03/2023 11:54:51 Ingresando  ProcesaVNMCAE 
14/03/2023 11:54:51 ok  ProcesaVNMCAE 
14/03/2023 11:54:51 Ingresando  ProcesarAgrupadosT 
14/03/2023 11:54:51 ok  ProcesarAgrupadosT 
14/03/2023 11:54:51 Ingresando  ProcesaMayorBancos 
14/03/2023 11:54:51 ok  ProcesaMayorBancos 
14/03/2023 11:54:51 Ingresando  ProcesaMayorUpeu 
14/03/2023 11:54:51 ok  ProcesaMayorUpeu 
14/03/2023 11:54:51 Ingresando  RecorreMayoruUpeuT 
14/03/2023 11:54:51 ok  RecorreMayoruUpeuT 
14/03/2023 11:54:51 Fin recorrido listaPendUpeuVisanet
14/03/2023 11:54:51 Ingresando  ProcesaVNMCAE 
14/03/2023 11:54:51 ok  ProcesaVNMCAE 
14/03/2023 11:54:51 Ingresando  ProcesarAgrupadosT 
14/03/2023 11:54:51 ok  ProcesarAgrupadosT 
14/03/2023 11:54:51 Ingresando  ProcesaMayorBancos 
14/03/2023 11:54:51 ok  ProcesaMayorBancos 
14/03/2023 11:54:51 Ingresando  ProcesaMayorUpeu 
14/03/2023 11:54:51 ok  ProcesaMayorUpeu 
14/03/2023 11:54:51 Ingresando  RecorreMayoruUpeuT 
14/03/2023 11:54:51 ok  RecorreMayoruUpeuT 
14/03/2023 11:54:51 Fin recorrido listaPendUpeuVisanet
14/03/2023 11:54:51 Ingresando  ProcesaVNMCAE 
14/03/2023 11:54:51 ok  ProcesaVNMCAE 
14/03/2023 11:54:51 Ingresando  ProcesarAgrupadosT 
14/03/2023 11:54:51 ok  ProcesarAgrupadosT 
14/03/2023 11:54:51 Ingresando  ProcesaMayorBancos 
14/03/2023 11:54:51 ok  ProcesaMayorBancos 
14/03/2023 11:54:51 Ingresando  ProcesaMayorUpeu 
14/03/2023 11:54:51 ok  ProcesaMayorUpeu 
14/03/2023 11:54:51 Ingresando  RecorreMayoruUpeuT 
14/03/2023 11:54:51 ok  RecorreMayoruUpeuT 
14/03/2023 11:54:51 Fin recorrido listaPendUpeuVisanet
14/03/2023 11:54:51 Ingresando dibujar excel 
14/03/2023 11:55:08  CargaExcel ok 
14/03/2023 11:55:08 Ingresando leer excel 
14/03/2023 11:55:08  ExceltoListNewv ok 
14/03/2023 11:55:08  ProcesoUnion ok 
14/03/2023 11:55:10 Ingresando  ProcesaVNMCAE 
14/03/2023 11:55:10 ok  ProcesaVNMCAE 
14/03/2023 11:55:10 Ingresando  ProcesarAgrupadosT 
14/03/2023 11:55:10 ok  ProcesarAgrupadosT 
14/03/2023 11:55:10 Ingresando  ProcesaMayorBancos 
14/03/2023 11:55:10 ok  ProcesaMayorBancos 
14/03/2023 11:55:11 Ingresando  ProcesaMayorUpeu 
14/03/2023 11:55:11 ok  ProcesaMayorUpeu 
14/03/2023 11:55:11 Ingresando  RecorreMayoruUpeuT 
14/03/2023 11:55:11 ok  RecorreMayoruUpeuT 
14/03/2023 11:55:11 Fin recorrido listaPendUpeuVisanet
14/03/2023 11:55:11 Ingresando  ProcesaVNMCAE 
14/03/2023 11:55:11 ok  ProcesaVNMCAE 
14/03/2023 11:55:11 Ingresando  ProcesarAgrupadosT 
14/03/2023 11:55:11 ok  ProcesarAgrupadosT 
14/03/2023 11:55:11 Ingresando  ProcesaMayorBancos 
14/03/2023 11:55:11 ok  ProcesaMayorBancos 
14/03/2023 11:55:11 Ingresando  ProcesaMayorUpeu 
14/03/2023 11:55:11 ok  ProcesaMayorUpeu 
14/03/2023 11:55:11 Ingresando  RecorreMayoruUpeuT 
14/03/2023 11:55:11 ok  RecorreMayoruUpeuT 
14/03/2023 11:55:11 Fin recorrido listaPendUpeuVisanet
14/03/2023 11:55:11 Ingresando  ProcesaVNMCAE 
14/03/2023 11:55:11 ok  ProcesaVNMCAE 
14/03/2023 11:55:11 Ingresando  ProcesarAgrupadosT 
14/03/2023 11:55:11 ok  ProcesarAgrupadosT 
14/03/2023 11:55:11 Ingresando  ProcesaMayorBancos 
14/03/2023 11:55:11 ok  ProcesaMayorBancos 
14/03/2023 11:55:11 Ingresando  ProcesaMayorUpeu 
14/03/2023 11:55:11 ok  ProcesaMayorUpeu 
14/03/2023 11:55:11 Ingresando  RecorreMayoruUpeuT 
14/03/2023 11:55:11 ok  RecorreMayoruUpeuT 
14/03/2023 11:55:11 Fin recorrido listaPendUpeuVisanet
14/03/2023 11:55:11 Ingresando  ProcesaVNMCAE 
14/03/2023 11:55:11 ok  ProcesaVNMCAE 
14/03/2023 11:55:11 Ingresando  ProcesarAgrupadosT 
14/03/2023 11:55:11 ok  ProcesarAgrupadosT 
14/03/2023 11:55:11 Ingresando  ProcesaMayorBancos 
14/03/2023 11:55:11 ok  ProcesaMayorBancos 
14/03/2023 11:55:11 Ingresando  ProcesaMayorUpeu 
14/03/2023 11:55:11 ok  ProcesaMayorUpeu 
14/03/2023 11:55:11 Ingresando  RecorreMayoruUpeuT 
14/03/2023 11:55:11 ok  RecorreMayoruUpeuT 
14/03/2023 11:55:11 Fin recorrido listaPendUpeuVisanet
14/03/2023 11:55:11 Ingresando  ProcesaVNMCAE 
14/03/2023 11:55:11 ok  ProcesaVNMCAE 
14/03/2023 11:55:11 Ingresando  ProcesarAgrupadosT 
14/03/2023 11:55:11 ok  ProcesarAgrupadosT 
14/03/2023 11:55:11 Ingresando  ProcesaMayorBancos 
14/03/2023 11:55:11 ok  ProcesaMayorBancos 
14/03/2023 11:55:11 Ingresando  ProcesaMayorUpeu 
14/03/2023 11:55:11 ok  ProcesaMayorUpeu 
14/03/2023 11:55:11 Ingresando  RecorreMayoruUpeuT 
14/03/2023 11:55:11 ok  RecorreMayoruUpeuT 
14/03/2023 11:55:11 Fin recorrido listaPendUpeuVisanet
14/03/2023 11:55:11 Ingresando  ProcesaVNMCAE 
14/03/2023 11:55:11 ok  ProcesaVNMCAE 
14/03/2023 11:55:11 Ingresando  ProcesarAgrupadosT 
14/03/2023 11:55:11 ok  ProcesarAgrupadosT 
14/03/2023 11:55:11 Ingresando  ProcesaMayorBancos 
14/03/2023 11:55:11 ok  ProcesaMayorBancos 
14/03/2023 11:55:11 Ingresando  ProcesaMayorUpeu 
14/03/2023 11:55:11 ok  ProcesaMayorUpeu 
14/03/2023 11:55:11 Ingresando  RecorreMayoruUpeuT 
14/03/2023 11:55:11 ok  RecorreMayoruUpeuT 
14/03/2023 11:55:11 Fin recorrido listaPendUpeuVisanet
14/03/2023 11:55:11 Ingresando  ProcesaVNMCAE 
14/03/2023 11:55:11 ok  ProcesaVNMCAE 
14/03/2023 11:55:11 Ingresando  ProcesarAgrupadosT 
14/03/2023 11:55:11 ok  ProcesarAgrupadosT 
14/03/2023 11:55:11 Ingresando  ProcesaMayorBancos 
14/03/2023 11:55:12 ok  ProcesaMayorBancos 
14/03/2023 11:55:12 Ingresando  ProcesaMayorUpeu 
14/03/2023 11:55:12 ok  ProcesaMayorUpeu 
14/03/2023 11:55:12 Ingresando  RecorreMayoruUpeuT 
14/03/2023 11:55:12 ok  RecorreMayoruUpeuT 
14/03/2023 11:55:12 Fin recorrido listaPendUpeuVisanet
14/03/2023 11:55:12 Ingresando  ProcesaVNMCAE 
14/03/2023 11:55:12 ok  ProcesaVNMCAE 
14/03/2023 11:55:12 Ingresando  ProcesarAgrupadosT 
14/03/2023 11:55:12 ok  ProcesarAgrupadosT 
14/03/2023 11:55:12 Ingresando  ProcesaMayorBancos 
14/03/2023 11:55:12 ok  ProcesaMayorBancos 
14/03/2023 11:55:12 Ingresando  ProcesaMayorUpeu 
14/03/2023 11:55:12 ok  ProcesaMayorUpeu 
14/03/2023 11:55:12 Ingresando  RecorreMayoruUpeuT 
14/03/2023 11:55:12 ok  RecorreMayoruUpeuT 
14/03/2023 11:55:12 Fin recorrido listaPendUpeuVisanet
14/03/2023 11:55:12 Ingresando  ProcesaVNMCAE 
14/03/2023 11:55:12 ok  ProcesaVNMCAE 
14/03/2023 11:55:12 Ingresando  ProcesarAgrupadosT 
14/03/2023 11:55:12 ok  ProcesarAgrupadosT 
14/03/2023 11:55:12 Ingresando  ProcesaMayorBancos 
14/03/2023 11:55:12 ok  ProcesaMayorBancos 
14/03/2023 11:55:12 Ingresando  ProcesaMayorUpeu 
14/03/2023 11:55:12 ok  ProcesaMayorUpeu 
14/03/2023 11:55:12 Ingresando  RecorreMayoruUpeuT 
14/03/2023 11:55:12 ok  RecorreMayoruUpeuT 
14/03/2023 11:55:12 Fin recorrido listaPendUpeuVisanet
14/03/2023 11:55:12 Ingresando  ProcesaVNMCAE 
14/03/2023 11:55:12 ok  ProcesaVNMCAE 
14/03/2023 11:55:12 Ingresando  ProcesarAgrupadosT 
14/03/2023 11:55:12 ok  ProcesarAgrupadosT 
14/03/2023 11:55:12 Ingresando  ProcesaMayorBancos 
14/03/2023 11:55:12 ok  ProcesaMayorBancos 
14/03/2023 11:55:12 Ingresando  ProcesaMayorUpeu 
14/03/2023 11:55:12 ok  ProcesaMayorUpeu 
14/03/2023 11:55:12 Ingresando  RecorreMayoruUpeuT 
14/03/2023 11:55:12 ok  RecorreMayoruUpeuT 
14/03/2023 11:55:12 Fin recorrido listaPendUpeuVisanet
14/03/2023 11:55:12 Ingresando  ProcesaVNMCAE 
14/03/2023 11:55:12 ok  ProcesaVNMCAE 
14/03/2023 11:55:12 Ingresando  ProcesarAgrupadosT 
14/03/2023 11:55:12 ok  ProcesarAgrupadosT 
14/03/2023 11:55:12 Ingresando  ProcesaMayorBancos 
14/03/2023 11:55:12 ok  ProcesaMayorBancos 
14/03/2023 11:55:12 Ingresando  ProcesaMayorUpeu 
14/03/2023 11:55:12 ok  ProcesaMayorUpeu 
14/03/2023 11:55:12 Ingresando  RecorreMayoruUpeuT 
14/03/2023 11:55:12 ok  RecorreMayoruUpeuT 
14/03/2023 11:55:12 Fin recorrido listaPendUpeuVisanet
14/03/2023 11:55:12 Ingresando dibujar excel 
15/03/2023 12:55:38  CargaExcel ok 
15/03/2023 12:55:38 Ingresando leer excel 
15/03/2023 12:55:38  ExceltoListNewv ok 
15/03/2023 12:55:38  ProcesoUnion ok 
